Script started at: Sun Mar 23 17:48:04 CAT 2025
====hostname====
DESKTOP-6QEJ87A

====Operating System===
GNU/Linux

===Display Uptime===
 17:48:04 up  3:39,  1 user,  load average: 0.00, 0.00, 0.00

===Memory usage===
               total        used        free      shared  buff/cache   available
Mem:           3.8Gi       547Mi       3.3Gi       3.2Mi       167Mi       3.2Gi
Swap:          1.0Gi          0B       1.0Gi

===Disk usage===
Filesystem      Size  Used Avail Use% Mounted on
/dev/sdc       1007G  1.5G  955G   1% /

===Top 10 CPU processes===
    PID USER     %CPU %MEM COMMAND
   2332 root     28.5  0.0 /usr/sbin/CRON -f -P
   2334 ulysse09 25.0  0.0 /bin/bash /mnt/c/Users/HP/desktop/server-stats/server-stats.sh
      1 root      0.0  0.3 /sbin/init
    105 root      0.0  0.1 /usr/lib/systemd/systemd-udevd
     61 root      0.0  0.4 /usr/lib/systemd/systemd-journald
    167 message+  0.0  0.1 @dbus-daemon --system --address=systemd: --nofork --nopidfile --systemd-activation --syslog-only
    308 root      0.0  0.0 /init
    180 root      0.0  0.4 /usr/libexec/wsl-pro-service -vv
    120 systemd+  0.0  0.1 /usr/lib/systemd/systemd-timesyncd

Script started at: Sun Mar 23 17:49:07 CAT 2025
====hostname====
DESKTOP-6QEJ87A

====Operating System===
GNU/Linux

===Display Uptime===
 17:49:07 up  3:40,  1 user,  load average: 0.00, 0.00, 0.00

===Memory usage===
               total        used        free      shared  buff/cache   available
Mem:           3.8Gi       545Mi       3.3Gi       3.2Mi       167Mi       3.2Gi
Swap:          1.0Gi          0B       1.0Gi

===Disk usage===
Filesystem      Size  Used Avail Use% Mounted on
/dev/sdc       1007G  1.5G  955G   1% /

===Top 10 CPU processes===
    PID USER     %CPU %MEM COMMAND
   2344 ulysse09 25.0  0.0 /bin/bash /mnt/c/Users/HP/desktop/server-stats/server-stats.sh
   2342 root     16.6  0.0 /usr/sbin/CRON -f -P
      1 root      0.0  0.3 /sbin/init
    105 root      0.0  0.1 /usr/lib/systemd/systemd-udevd
     61 root      0.0  0.4 /usr/lib/systemd/systemd-journald
    167 message+  0.0  0.1 @dbus-daemon --system --address=systemd: --nofork --nopidfile --systemd-activation --syslog-only
    308 root      0.0  0.0 /init
    180 root      0.0  0.4 /usr/libexec/wsl-pro-service -vv
    120 systemd+  0.0  0.1 /usr/lib/systemd/systemd-timesyncd

Script started at: Sun Mar 23 17:50:07 CAT 2025
====hostname====
DESKTOP-6QEJ87A

====Operating System===
GNU/Linux

===Display Uptime===
 17:50:07 up  3:41,  1 user,  load average: 0.00, 0.00, 0.00

===Memory usage===
               total        used        free      shared  buff/cache   available
Mem:           3.8Gi       546Mi       3.3Gi       3.2Mi       167Mi       3.2Gi
Swap:          1.0Gi          0B       1.0Gi

===Disk usage===
Filesystem      Size  Used Avail Use% Mounted on
/dev/sdc       1007G  1.5G  955G   1% /

===Top 10 CPU processes===
    PID USER     %CPU %MEM COMMAND
   2356 ulysse09 16.6  0.0 /bin/bash /mnt/c/Users/HP/desktop/server-stats/server-stats.sh
   2355 ulysse09 14.2  0.0 /bin/sh -c /mnt/c/Users/HP/desktop/server-stats/server-stats.sh >> /mnt/c/Users/HP/desktop/server-stats/logfile.log 2>&1
   2354 root     11.1  0.0 /usr/sbin/CRON -f -P
      1 root      0.0  0.3 /sbin/init
    105 root      0.0  0.1 /usr/lib/systemd/systemd-udevd
     61 root      0.0  0.4 /usr/lib/systemd/systemd-journald
    167 message+  0.0  0.1 @dbus-daemon --system --address=systemd: --nofork --nopidfile --systemd-activation --syslog-only
    308 root      0.0  0.0 /init
    180 root      0.0  0.4 /usr/libexec/wsl-pro-service -vv

Script started at: Sun Mar 23 17:51:06 CAT 2025
====hostname====
DESKTOP-6QEJ87A

====Operating System===
GNU/Linux

===Display Uptime===
 17:51:06 up  3:41,  1 user,  load average: 0.07, 0.02, 0.00

===Memory usage===
               total        used        free      shared  buff/cache   available
Mem:           3.8Gi       577Mi       3.2Gi       3.2Mi       250Mi       3.2Gi
Swap:          1.0Gi          0B       1.0Gi

===Disk usage===
Filesystem      Size  Used Avail Use% Mounted on
/dev/sdc       1007G  1.5G  955G   1% /

===Top 10 CPU processes===
    PID USER     %CPU %MEM COMMAND
   2410 root     53.8  0.0 [dpkg-preconfigu] <defunct>
   2402 root     47.5  0.4 /usr/bin/perl /usr/sbin/dpkg-preconfigure --apt
   2417 ulysse09 33.3  0.0 /bin/bash /mnt/c/Users/HP/desktop/server-stats/server-stats.sh
   2374 root     11.9  2.0 apt install mailutils
   2372 root      0.4  0.1 sudo apt install mailutils
      1 root      0.0  0.3 /sbin/init
    105 root      0.0  0.1 /usr/lib/systemd/systemd-udevd
     61 root      0.0  0.4 /usr/lib/systemd/systemd-journald
    167 message+  0.0  0.1 @dbus-daemon --system --address=systemd: --nofork --nopidfile --systemd-activation --syslog-only

Script started at: Sun Mar 23 17:52:04 CAT 2025
====hostname====
DESKTOP-6QEJ87A

====Operating System===
GNU/Linux

===Display Uptime===
 17:52:04 up  3:42,  1 user,  load average: 0.02, 0.01, 0.00

===Memory usage===
               total        used        free      shared  buff/cache   available
Mem:           3.8Gi       585Mi       3.2Gi       3.2Mi       181Mi       3.2Gi
Swap:          1.0Gi          0B       1.0Gi

===Disk usage===
Filesystem      Size  Used Avail Use% Mounted on
/dev/sdc       1007G  1.5G  955G   1% /

===Top 10 CPU processes===
    PID USER     %CPU %MEM COMMAND
   2453 ulysse09  100  0.0 ps -eo pid,user,%cpu,%mem,command --sort=-%cpu
   2445 root      6.6  0.0 /usr/sbin/CRON -f -P
   2374 root      2.3  2.0 apt install mailutils
   2402 root      0.5  0.4 /usr/bin/perl /usr/sbin/dpkg-preconfigure --apt
   2410 root      0.1  0.0 [dpkg-preconfigu] <defunct>
   2372 root      0.1  0.1 sudo apt install mailutils
   2426 root      0.0  0.1 /usr/bin/perl -w /var/cache/debconf/tmp.ci/postfix.config.zPGj95 configure
   2444 root      0.0  0.1 whiptail --backtitle Package configuration --title Postfix Configuration --output-fd 12 --default-item Internet Site --menu Please select the mail server configuration type that best meets your needs.   No configuration:   Should be chosen to leave the current configuration unchanged.  Internet site:   Mail is sent and received directly using SMTP.  Internet with smarthost:   Mail is received directly using SMTP or by running a utility such   as fetchmail. Outgoing mail is sent using a smarthost.  Satellite system:   All mail is sent to another machine, called a 'smarthost', for   delivery.  Local only:   The only delivered mail is the mail for local users. There is no   network.  General mail configuration type: 26 81 2 -- No configuration  Internet Site  Internet with smarthost  Satellite system  Local only
      1 root      0.0  0.3 /sbin/init

Script started at: Sun Mar 23 17:53:07 CAT 2025
====hostname====
DESKTOP-6QEJ87A

====Operating System===
GNU/Linux

===Display Uptime===
 17:53:07 up  3:43,  1 user,  load average: 0.01, 0.00, 0.00

===Memory usage===
               total        used        free      shared  buff/cache   available
Mem:           3.8Gi       593Mi       3.2Gi       3.2Mi       182Mi       3.2Gi
Swap:          1.0Gi          0B       1.0Gi

===Disk usage===
Filesystem      Size  Used Avail Use% Mounted on
/dev/sdc       1007G  1.5G  955G   1% /

===Top 10 CPU processes===
    PID USER     %CPU %MEM COMMAND
   2466 ulysse09  100  0.0 ps -eo pid,user,%cpu,%mem,command --sort=-%cpu
   2460 ulysse09 11.1  0.0 /bin/bash /mnt/c/Users/HP/desktop/server-stats/server-stats.sh
   2459 ulysse09  9.0  0.0 /bin/sh -c /mnt/c/Users/HP/desktop/server-stats/server-stats.sh >> /mnt/c/Users/HP/desktop/server-stats/logfile.log 2>&1
   2458 root      7.6  0.0 /usr/sbin/CRON -f -P
   2374 root      1.2  2.0 apt install mailutils
   2402 root      0.3  0.4 /usr/bin/perl /usr/sbin/dpkg-preconfigure --apt
   2372 root      0.0  0.1 sudo apt install mailutils
   2410 root      0.0  0.0 [dpkg-preconfigu] <defunct>
   2426 root      0.0  0.1 /usr/bin/perl -w /var/cache/debconf/tmp.ci/postfix.config.zPGj95 configure

Script started at: Sun Mar 23 17:54:07 CAT 2025
====hostname====
DESKTOP-6QEJ87A

====Operating System===
GNU/Linux

===Display Uptime===
 17:54:07 up  3:44,  1 user,  load average: 0.00, 0.00, 0.00

===Memory usage===
               total        used        free      shared  buff/cache   available
Mem:           3.8Gi       596Mi       3.2Gi       3.2Mi       182Mi       3.2Gi
Swap:          1.0Gi          0B       1.0Gi

===Disk usage===
Filesystem      Size  Used Avail Use% Mounted on
/dev/sdc       1007G  1.5G  955G   1% /

===Top 10 CPU processes===
    PID USER     %CPU %MEM COMMAND
   2374 root      0.8  2.0 apt install mailutils
   2402 root      0.2  0.4 /usr/bin/perl /usr/sbin/dpkg-preconfigure --apt
   2372 root      0.0  0.1 sudo apt install mailutils
   2410 root      0.0  0.0 [dpkg-preconfigu] <defunct>
      1 root      0.0  0.3 /sbin/init
     61 root      0.0  0.4 /usr/lib/systemd/systemd-journald
   2426 root      0.0  0.1 /usr/bin/perl -w /var/cache/debconf/tmp.ci/postfix.config.zPGj95 configure
    105 root      0.0  0.1 /usr/lib/systemd/systemd-udevd
    167 message+  0.0  0.1 @dbus-daemon --system --address=systemd: --nofork --nopidfile --systemd-activation --syslog-only

Script started at: Sun Mar 23 17:55:04 CAT 2025
====hostname====
DESKTOP-6QEJ87A

====Operating System===
GNU/Linux

===Display Uptime===
 17:55:04 up  3:45,  1 user,  load average: 0.28, 0.09, 0.03

===Memory usage===
               total        used        free      shared  buff/cache   available
Mem:           3.8Gi       557Mi       3.1Gi       3.2Mi       384Mi       3.2Gi
Swap:          1.0Gi          0B       1.0Gi

===Disk usage===
Filesystem      Size  Used Avail Use% Mounted on
/dev/sdc       1007G  1.6G  955G   1% /

===Top 10 CPU processes===
    PID USER     %CPU %MEM COMMAND
   3044 root      0.2  0.5 /usr/libexec/packagekitd
   3024 syslog    0.1  0.1 /usr/sbin/rsyslogd -n -iNONE
      1 root      0.0  0.3 /sbin/init
     61 root      0.0  0.4 /usr/lib/systemd/systemd-journald
    105 root      0.0  0.1 /usr/lib/systemd/systemd-udevd
    167 message+  0.0  0.1 @dbus-daemon --system --address=systemd: --nofork --nopidfile --systemd-activation --syslog-only
    308 root      0.0  0.0 /init
    180 root      0.0  0.4 /usr/libexec/wsl-pro-service -vv
    120 systemd+  0.0  0.1 /usr/lib/systemd/systemd-timesyncd

Script started at: Sun Mar 23 17:56:07 CAT 2025
====hostname====
DESKTOP-6QEJ87A

====Operating System===
GNU/Linux

===Display Uptime===
 17:56:07 up  3:46,  1 user,  load average: 0.11, 0.07, 0.02

===Memory usage===
               total        used        free      shared  buff/cache   available
Mem:           3.8Gi       524Mi       3.3Gi       3.2Mi       134Mi       3.3Gi
Swap:          1.0Gi          0B       1.0Gi

===Disk usage===
Filesystem      Size  Used Avail Use% Mounted on
/dev/sdc       1007G  1.6G  955G   1% /

===Top 10 CPU processes===
    PID USER     %CPU %MEM COMMAND
   3075 ulysse09 14.2  0.0 /bin/bash /mnt/c/Users/HP/desktop/server-stats/server-stats.sh
   3073 root     13.6  0.0 /usr/sbin/CRON -f -P
   3044 root      0.0  0.5 /usr/libexec/packagekitd
   3024 syslog    0.0  0.1 /usr/sbin/rsyslogd -n -iNONE
      1 root      0.0  0.3 /sbin/init
     61 root      0.0  0.4 /usr/lib/systemd/systemd-journald
    105 root      0.0  0.1 /usr/lib/systemd/systemd-udevd
    167 message+  0.0  0.1 @dbus-daemon --system --address=systemd: --nofork --nopidfile --systemd-activation --syslog-only
    308 root      0.0  0.0 /init

Script started at: Sun Mar 23 17:57:07 CAT 2025
====hostname====
DESKTOP-6QEJ87A

====Operating System===
GNU/Linux

===Display Uptime===
 17:57:07 up  3:47,  1 user,  load average: 0.16, 0.09, 0.03

===Memory usage===
               total        used        free      shared  buff/cache   available
Mem:           3.8Gi       523Mi       3.3Gi       3.2Mi       142Mi       3.3Gi
Swap:          1.0Gi          0B       1.0Gi

===Disk usage===
Filesystem      Size  Used Avail Use% Mounted on
/dev/sdc       1007G  1.6G  955G   1% /

===Top 10 CPU processes===
    PID USER     %CPU %MEM COMMAND
   3094 ulysse09  100  0.0 ps -eo pid,user,%cpu,%mem,command --sort=-%cpu
   3088 ulysse09 20.0  0.0 /bin/bash /mnt/c/Users/HP/desktop/server-stats/server-stats.sh
   3087 ulysse09 14.2  0.0 /bin/sh -c /mnt/c/Users/HP/desktop/server-stats/server-stats.sh >> /mnt/c/Users/HP/desktop/server-stats/logfile.log 2>&1
   3086 root     12.5  0.0 /usr/sbin/CRON -f -P
   3044 root      0.0  0.5 /usr/libexec/packagekitd
   3024 syslog    0.0  0.1 /usr/sbin/rsyslogd -n -iNONE
      1 root      0.0  0.3 /sbin/init
     61 root      0.0  0.4 /usr/lib/systemd/systemd-journald
    105 root      0.0  0.1 /usr/lib/systemd/systemd-udevd

Script started at: Sun Mar 23 17:58:07 CAT 2025
====hostname====
DESKTOP-6QEJ87A

====Operating System===
GNU/Linux

===Display Uptime===
 17:58:07 up  3:48,  1 user,  load average: 0.06, 0.07, 0.03

===Memory usage===
               total        used        free      shared  buff/cache   available
Mem:           3.8Gi       524Mi       3.3Gi       3.2Mi       142Mi       3.3Gi
Swap:          1.0Gi          0B       1.0Gi

===Disk usage===
Filesystem      Size  Used Avail Use% Mounted on
/dev/sdc       1007G  1.6G  955G   1% /

===Top 10 CPU processes===
    PID USER     %CPU %MEM COMMAND
   3096 root     16.6  0.0 /usr/sbin/CRON -f -P
   3044 root      0.0  0.5 /usr/libexec/packagekitd
   3024 syslog    0.0  0.1 /usr/sbin/rsyslogd -n -iNONE
      1 root      0.0  0.3 /sbin/init
     61 root      0.0  0.4 /usr/lib/systemd/systemd-journald
    105 root      0.0  0.1 /usr/lib/systemd/systemd-udevd
    167 message+  0.0  0.1 @dbus-daemon --system --address=systemd: --nofork --nopidfile --systemd-activation --syslog-only
    308 root      0.0  0.0 /init
    180 root      0.0  0.4 /usr/libexec/wsl-pro-service -vv

Script started at: Sun Mar 23 17:59:04 CAT 2025
====hostname====
DESKTOP-6QEJ87A

====Operating System===
GNU/Linux

===Display Uptime===
 17:59:04 up  3:49,  1 user,  load average: 0.02, 0.06, 0.02

===Memory usage===
               total        used        free      shared  buff/cache   available
Mem:           3.8Gi       524Mi       3.3Gi       3.2Mi       142Mi       3.3Gi
Swap:          1.0Gi          0B       1.0Gi

===Disk usage===
Filesystem      Size  Used Avail Use% Mounted on
/dev/sdc       1007G  1.6G  955G   1% /

===Top 10 CPU processes===
    PID USER     %CPU %MEM COMMAND
      1 root      0.0  0.3 /sbin/init
   3044 root      0.0  0.5 /usr/libexec/packagekitd
   3024 syslog    0.0  0.1 /usr/sbin/rsyslogd -n -iNONE
     61 root      0.0  0.4 /usr/lib/systemd/systemd-journald
    105 root      0.0  0.1 /usr/lib/systemd/systemd-udevd
    167 message+  0.0  0.1 @dbus-daemon --system --address=systemd: --nofork --nopidfile --systemd-activation --syslog-only
    308 root      0.0  0.0 /init
    180 root      0.0  0.4 /usr/libexec/wsl-pro-service -vv
    120 systemd+  0.0  0.1 /usr/lib/systemd/systemd-timesyncd

Script started at: Sun Mar 23 18:00:07 CAT 2025
====hostname====
DESKTOP-6QEJ87A

====Operating System===
GNU/Linux

===Display Uptime===
 18:00:07 up  3:50,  1 user,  load average: 0.01, 0.05, 0.01

===Memory usage===
               total        used        free      shared  buff/cache   available
Mem:           3.8Gi       525Mi       3.3Gi       3.2Mi       142Mi       3.3Gi
Swap:          1.0Gi          0B       1.0Gi

===Disk usage===
Filesystem      Size  Used Avail Use% Mounted on
/dev/sdc       1007G  1.6G  955G   1% /

===Top 10 CPU processes===
    PID USER     %CPU %MEM COMMAND
   3117 ulysse09 11.1  0.0 /bin/sh -c /mnt/c/Users/HP/desktop/server-stats/server-stats.sh >> /mnt/c/Users/HP/desktop/server-stats/logfile.log 2>&1
   3116 root     10.0  0.0 /usr/sbin/CRON -f -P
      1 root      0.0  0.3 /sbin/init
   3044 root      0.0  0.5 /usr/libexec/packagekitd
   3024 syslog    0.0  0.1 /usr/sbin/rsyslogd -n -iNONE
     61 root      0.0  0.4 /usr/lib/systemd/systemd-journald
    105 root      0.0  0.1 /usr/lib/systemd/systemd-udevd
    167 message+  0.0  0.1 @dbus-daemon --system --address=systemd: --nofork --nopidfile --systemd-activation --syslog-only
    308 root      0.0  0.0 /init

Script started at: Sun Mar 23 18:01:07 CAT 2025
====hostname====
DESKTOP-6QEJ87A

====Operating System===
GNU/Linux

===Display Uptime===
 18:01:07 up  3:51,  1 user,  load average: 0.00, 0.04, 0.01

===Memory usage===
               total        used        free      shared  buff/cache   available
Mem:           3.8Gi       522Mi       3.3Gi       3.2Mi       142Mi       3.3Gi
Swap:          1.0Gi          0B       1.0Gi

===Disk usage===
Filesystem      Size  Used Avail Use% Mounted on
/dev/sdc       1007G  1.6G  955G   1% /

===Top 10 CPU processes===
    PID USER     %CPU %MEM COMMAND
   3129 root     14.2  0.0 /usr/sbin/CRON -f -P
      1 root      0.0  0.3 /sbin/init
     61 root      0.0  0.4 /usr/lib/systemd/systemd-journald
    105 root      0.0  0.1 /usr/lib/systemd/systemd-udevd
   3024 syslog    0.0  0.1 /usr/sbin/rsyslogd -n -iNONE
    167 message+  0.0  0.1 @dbus-daemon --system --address=systemd: --nofork --nopidfile --systemd-activation --syslog-only
    308 root      0.0  0.0 /init
    180 root      0.0  0.4 /usr/libexec/wsl-pro-service -vv
    120 systemd+  0.0  0.1 /usr/lib/systemd/systemd-timesyncd

Script started at: Sun Mar 23 18:02:04 CAT 2025
====hostname====
DESKTOP-6QEJ87A

====Operating System===
GNU/Linux

===Display Uptime===
 18:02:04 up  3:52,  1 user,  load average: 0.23, 0.10, 0.03

===Memory usage===
               total        used        free      shared  buff/cache   available
Mem:           3.8Gi       554Mi       3.0Gi       3.2Mi       499Mi       3.2Gi
Swap:          1.0Gi          0B       1.0Gi

===Disk usage===
Filesystem      Size  Used Avail Use% Mounted on
/dev/sdc       1007G  1.6G  955G   1% /

===Top 10 CPU processes===
    PID USER     %CPU %MEM COMMAND
   3382 root      0.1  0.5 /usr/libexec/packagekitd
      1 root      0.0  0.3 /sbin/init
     61 root      0.0  0.4 /usr/lib/systemd/systemd-journald
    105 root      0.0  0.1 /usr/lib/systemd/systemd-udevd
   3024 syslog    0.0  0.1 /usr/sbin/rsyslogd -n -iNONE
    167 message+  0.0  0.1 @dbus-daemon --system --address=systemd: --nofork --nopidfile --systemd-activation --syslog-only
    308 root      0.0  0.0 /init
    180 root      0.0  0.4 /usr/libexec/wsl-pro-service -vv
    120 systemd+  0.0  0.1 /usr/lib/systemd/systemd-timesyncd

Script started at: Sun Mar 23 18:03:07 CAT 2025
====hostname====
DESKTOP-6QEJ87A

====Operating System===
GNU/Linux

===Display Uptime===
 18:03:07 up  3:53,  1 user,  load average: 0.09, 0.08, 0.03

===Memory usage===
               total        used        free      shared  buff/cache   available
Mem:           3.8Gi       561Mi       3.0Gi       3.2Mi       500Mi       3.2Gi
Swap:          1.0Gi          0B       1.0Gi

===Disk usage===
Filesystem      Size  Used Avail Use% Mounted on
/dev/sdc       1007G  1.6G  955G   1% /

===Top 10 CPU processes===
    PID USER     %CPU %MEM COMMAND
   3382 root      0.0  0.5 /usr/libexec/packagekitd
      1 root      0.0  0.3 /sbin/init
     61 root      0.0  0.4 /usr/lib/systemd/systemd-journald
   3602 root      0.0  0.1 sudo nano /etc/ssmtp/ssmtp.conf
    105 root      0.0  0.1 /usr/lib/systemd/systemd-udevd
   3024 syslog    0.0  0.1 /usr/sbin/rsyslogd -n -iNONE
    167 message+  0.0  0.1 @dbus-daemon --system --address=systemd: --nofork --nopidfile --systemd-activation --syslog-only
    308 root      0.0  0.0 /init
    180 root      0.0  0.4 /usr/libexec/wsl-pro-service -vv

Script started at: Sun Mar 23 18:04:07 CAT 2025
====hostname====
DESKTOP-6QEJ87A

====Operating System===
GNU/Linux

===Display Uptime===
 18:04:07 up  3:53,  1 user,  load average: 0.03, 0.07, 0.02

===Memory usage===
               total        used        free      shared  buff/cache   available
Mem:           3.8Gi       561Mi       3.0Gi       3.2Mi       500Mi       3.2Gi
Swap:          1.0Gi          0B       1.0Gi

===Disk usage===
Filesystem      Size  Used Avail Use% Mounted on
/dev/sdc       1007G  1.6G  955G   1% /

===Top 10 CPU processes===
    PID USER     %CPU %MEM COMMAND
      1 root      0.0  0.3 /sbin/init
   3382 root      0.0  0.5 /usr/libexec/packagekitd
     61 root      0.0  0.4 /usr/lib/systemd/systemd-journald
    105 root      0.0  0.1 /usr/lib/systemd/systemd-udevd
   3024 syslog    0.0  0.1 /usr/sbin/rsyslogd -n -iNONE
    167 message+  0.0  0.1 @dbus-daemon --system --address=systemd: --nofork --nopidfile --systemd-activation --syslog-only
    308 root      0.0  0.0 /init
   3602 root      0.0  0.1 sudo nano /etc/ssmtp/ssmtp.conf
    180 root      0.0  0.4 /usr/libexec/wsl-pro-service -vv

Script started at: Sun Mar 23 18:05:04 CAT 2025
====hostname====
DESKTOP-6QEJ87A

====Operating System===
GNU/Linux

===Display Uptime===
 18:05:04 up  3:54,  1 user,  load average: 0.01, 0.05, 0.02

===Memory usage===
               total        used        free      shared  buff/cache   available
Mem:           3.8Gi       562Mi       3.0Gi       3.2Mi       500Mi       3.2Gi
Swap:          1.0Gi          0B       1.0Gi

===Disk usage===
Filesystem      Size  Used Avail Use% Mounted on
/dev/sdc       1007G  1.6G  955G   1% /

===Top 10 CPU processes===
    PID USER     %CPU %MEM COMMAND
   3627 ulysse09 25.0  0.0 /bin/bash /mnt/c/Users/HP/desktop/server-stats/server-stats.sh
   3625 root     16.6  0.0 /usr/sbin/CRON -f -P
      1 root      0.0  0.3 /sbin/init
   3382 root      0.0  0.5 /usr/libexec/packagekitd
     61 root      0.0  0.4 /usr/lib/systemd/systemd-journald
    105 root      0.0  0.1 /usr/lib/systemd/systemd-udevd
    167 message+  0.0  0.1 @dbus-daemon --system --address=systemd: --nofork --nopidfile --systemd-activation --syslog-only
   3024 syslog    0.0  0.1 /usr/sbin/rsyslogd -n -iNONE
    308 root      0.0  0.0 /init

Script started at: Sun Mar 23 18:06:07 CAT 2025
====hostname====
DESKTOP-6QEJ87A

====Operating System===
GNU/Linux

===Display Uptime===
 18:06:07 up  3:55,  1 user,  load average: 0.00, 0.04, 0.01

===Memory usage===
               total        used        free      shared  buff/cache   available
Mem:           3.8Gi       506Mi       3.3Gi       3.2Mi       135Mi       3.3Gi
Swap:          1.0Gi          0B       1.0Gi

===Disk usage===
Filesystem      Size  Used Avail Use% Mounted on
/dev/sdc       1007G  1.6G  955G   1% /

===Top 10 CPU processes===
    PID USER     %CPU %MEM COMMAND
   3637 root      8.3  0.0 /usr/sbin/CRON -f -P
      1 root      0.0  0.3 /sbin/init
     61 root      0.0  0.4 /usr/lib/systemd/systemd-journald
   3382 root      0.0  0.5 /usr/libexec/packagekitd
    105 root      0.0  0.1 /usr/lib/systemd/systemd-udevd
    167 message+  0.0  0.1 @dbus-daemon --system --address=systemd: --nofork --nopidfile --systemd-activation --syslog-only
   3024 syslog    0.0  0.1 /usr/sbin/rsyslogd -n -iNONE
    308 root      0.0  0.0 /init
    180 root      0.0  0.4 /usr/libexec/wsl-pro-service -vv

Script started at: Sun Mar 23 18:07:07 CAT 2025
====hostname====
DESKTOP-6QEJ87A

====Operating System===
GNU/Linux

===Display Uptime===
 18:07:07 up  3:56,  1 user,  load average: 0.00, 0.03, 0.01

===Memory usage===
               total        used        free      shared  buff/cache   available
Mem:           3.8Gi       509Mi       3.3Gi       3.2Mi       136Mi       3.3Gi
Swap:          1.0Gi          0B       1.0Gi

===Disk usage===
Filesystem      Size  Used Avail Use% Mounted on
/dev/sdc       1007G  1.6G  955G   1% /

===Top 10 CPU processes===
    PID USER     %CPU %MEM COMMAND
      1 root      0.0  0.3 /sbin/init
     61 root      0.0  0.4 /usr/lib/systemd/systemd-journald
    105 root      0.0  0.1 /usr/lib/systemd/systemd-udevd
   3382 root      0.0  0.5 /usr/libexec/packagekitd
    167 message+  0.0  0.1 @dbus-daemon --system --address=systemd: --nofork --nopidfile --systemd-activation --syslog-only
   3604 root      0.0  0.0 nano /etc/ssmtp/ssmtp.conf
   3602 root      0.0  0.1 sudo nano /etc/ssmtp/ssmtp.conf
   3024 syslog    0.0  0.1 /usr/sbin/rsyslogd -n -iNONE
    308 root      0.0  0.0 /init

Script started at: Sun Mar 23 18:08:06 CAT 2025
====hostname====
DESKTOP-6QEJ87A

====Operating System===
GNU/Linux

===Display Uptime===
 18:08:06 up  3:57,  1 user,  load average: 0.00, 0.02, 0.00

===Memory usage===
               total        used        free      shared  buff/cache   available
Mem:           3.8Gi       511Mi       3.3Gi       3.2Mi       136Mi       3.3Gi
Swap:          1.0Gi          0B       1.0Gi

===Disk usage===
Filesystem      Size  Used Avail Use% Mounted on
/dev/sdc       1007G  1.6G  955G   1% /

===Top 10 CPU processes===
    PID USER     %CPU %MEM COMMAND
   3658 root     20.0  0.0 /usr/sbin/CRON -f -P
      1 root      0.0  0.3 /sbin/init
   3604 root      0.0  0.0 nano /etc/ssmtp/ssmtp.conf
   3602 root      0.0  0.1 sudo nano /etc/ssmtp/ssmtp.conf
     61 root      0.0  0.4 /usr/lib/systemd/systemd-journald
    105 root      0.0  0.1 /usr/lib/systemd/systemd-udevd
    167 message+  0.0  0.1 @dbus-daemon --system --address=systemd: --nofork --nopidfile --systemd-activation --syslog-only
   3024 syslog    0.0  0.1 /usr/sbin/rsyslogd -n -iNONE
    308 root      0.0  0.0 /init

Script started at: Sun Mar 23 18:09:04 CAT 2025
====hostname====
DESKTOP-6QEJ87A

====Operating System===
GNU/Linux

===Display Uptime===
 18:09:04 up  3:58,  1 user,  load average: 0.00, 0.02, 0.00

===Memory usage===
               total        used        free      shared  buff/cache   available
Mem:           3.8Gi       511Mi       3.3Gi       3.2Mi       136Mi       3.3Gi
Swap:          1.0Gi          0B       1.0Gi

===Disk usage===
Filesystem      Size  Used Avail Use% Mounted on
/dev/sdc       1007G  1.6G  955G   1% /

===Top 10 CPU processes===
    PID USER     %CPU %MEM COMMAND
   3670 ulysse09 20.0  0.0 /bin/bash /mnt/c/Users/HP/desktop/server-stats/server-stats.sh
      1 root      0.0  0.3 /sbin/init
   3604 root      0.0  0.0 nano /etc/ssmtp/ssmtp.conf
   3602 root      0.0  0.1 sudo nano /etc/ssmtp/ssmtp.conf
     61 root      0.0  0.4 /usr/lib/systemd/systemd-journald
    105 root      0.0  0.1 /usr/lib/systemd/systemd-udevd
    167 message+  0.0  0.1 @dbus-daemon --system --address=systemd: --nofork --nopidfile --systemd-activation --syslog-only
   3024 syslog    0.0  0.1 /usr/sbin/rsyslogd -n -iNONE
    308 root      0.0  0.0 /init

Script started at: Sun Mar 23 18:10:07 CAT 2025
====hostname====
DESKTOP-6QEJ87A

====Operating System===
GNU/Linux

===Display Uptime===
 18:10:07 up  3:59,  1 user,  load average: 0.06, 0.03, 0.00

===Memory usage===
               total        used        free      shared  buff/cache   available
Mem:           3.8Gi       512Mi       3.3Gi       3.2Mi       136Mi       3.3Gi
Swap:          1.0Gi          0B       1.0Gi

===Disk usage===
Filesystem      Size  Used Avail Use% Mounted on
/dev/sdc       1007G  1.6G  955G   1% /

===Top 10 CPU processes===
    PID USER     %CPU %MEM COMMAND
      1 root      0.0  0.3 /sbin/init
   3604 root      0.0  0.1 nano /etc/ssmtp/ssmtp.conf
   3602 root      0.0  0.1 sudo nano /etc/ssmtp/ssmtp.conf
     61 root      0.0  0.4 /usr/lib/systemd/systemd-journald
    105 root      0.0  0.1 /usr/lib/systemd/systemd-udevd
    167 message+  0.0  0.1 @dbus-daemon --system --address=systemd: --nofork --nopidfile --systemd-activation --syslog-only
   3024 syslog    0.0  0.1 /usr/sbin/rsyslogd -n -iNONE
    308 root      0.0  0.0 /init
    180 root      0.0  0.4 /usr/libexec/wsl-pro-service -vv

Script started at: Sun Mar 23 18:11:07 CAT 2025
====hostname====
DESKTOP-6QEJ87A

====Operating System===
GNU/Linux

===Display Uptime===
 18:11:07 up  4:00,  1 user,  load average: 0.02, 0.02, 0.00

===Memory usage===
               total        used        free      shared  buff/cache   available
Mem:           3.8Gi       513Mi       3.3Gi       3.2Mi       136Mi       3.3Gi
Swap:          1.0Gi          0B       1.0Gi

===Disk usage===
Filesystem      Size  Used Avail Use% Mounted on
/dev/sdc       1007G  1.6G  955G   1% /

===Top 10 CPU processes===
    PID USER     %CPU %MEM COMMAND
   3689 ulysse09 16.6  0.0 /bin/sh -c /mnt/c/Users/HP/desktop/server-stats/server-stats.sh >> /mnt/c/Users/HP/desktop/server-stats/logfile.log 2>&1
   3688 root     14.2  0.0 /usr/sbin/CRON -f -P
      1 root      0.0  0.3 /sbin/init
   3604 root      0.0  0.1 nano /etc/ssmtp/ssmtp.conf
   3602 root      0.0  0.1 sudo nano /etc/ssmtp/ssmtp.conf
     61 root      0.0  0.4 /usr/lib/systemd/systemd-journald
    105 root      0.0  0.1 /usr/lib/systemd/systemd-udevd
    167 message+  0.0  0.1 @dbus-daemon --system --address=systemd: --nofork --nopidfile --systemd-activation --syslog-only
    308 root      0.0  0.0 /init

Script started at: Sun Mar 23 18:12:04 CAT 2025
====hostname====
DESKTOP-6QEJ87A

====Operating System===
GNU/Linux

===Display Uptime===
 18:12:04 up  4:01,  1 user,  load average: 0.01, 0.02, 0.00

===Memory usage===
               total        used        free      shared  buff/cache   available
Mem:           3.8Gi       514Mi       3.3Gi       3.2Mi       136Mi       3.3Gi
Swap:          1.0Gi          0B       1.0Gi

===Disk usage===
Filesystem      Size  Used Avail Use% Mounted on
/dev/sdc       1007G  1.6G  955G   1% /

===Top 10 CPU processes===
    PID USER     %CPU %MEM COMMAND
      1 root      0.0  0.3 /sbin/init
   3604 root      0.0  0.1 nano /etc/ssmtp/ssmtp.conf
   3602 root      0.0  0.1 sudo nano /etc/ssmtp/ssmtp.conf
     61 root      0.0  0.4 /usr/lib/systemd/systemd-journald
    105 root      0.0  0.1 /usr/lib/systemd/systemd-udevd
    167 message+  0.0  0.1 @dbus-daemon --system --address=systemd: --nofork --nopidfile --systemd-activation --syslog-only
    308 root      0.0  0.0 /init
   3024 syslog    0.0  0.1 /usr/sbin/rsyslogd -n -iNONE
    180 root      0.0  0.4 /usr/libexec/wsl-pro-service -vv

Script started at: Sun Mar 23 18:13:07 CAT 2025
====hostname====
DESKTOP-6QEJ87A

====Operating System===
GNU/Linux

===Display Uptime===
 18:13:07 up  4:02,  1 user,  load average: 0.00, 0.01, 0.00

===Memory usage===
               total        used        free      shared  buff/cache   available
Mem:           3.8Gi       515Mi       3.3Gi       3.2Mi       136Mi       3.3Gi
Swap:          1.0Gi          0B       1.0Gi

===Disk usage===
Filesystem      Size  Used Avail Use% Mounted on
/dev/sdc       1007G  1.6G  955G   1% /

===Top 10 CPU processes===
    PID USER     %CPU %MEM COMMAND
      1 root      0.0  0.3 /sbin/init
   3604 root      0.0  0.1 nano /etc/ssmtp/ssmtp.conf
   3602 root      0.0  0.1 sudo nano /etc/ssmtp/ssmtp.conf
     61 root      0.0  0.4 /usr/lib/systemd/systemd-journald
    105 root      0.0  0.1 /usr/lib/systemd/systemd-udevd
    167 message+  0.0  0.1 @dbus-daemon --system --address=systemd: --nofork --nopidfile --systemd-activation --syslog-only
    308 root      0.0  0.0 /init
   3024 syslog    0.0  0.1 /usr/sbin/rsyslogd -n -iNONE
    180 root      0.0  0.4 /usr/libexec/wsl-pro-service -vv

Script started at: Sun Mar 23 18:14:07 CAT 2025
====hostname====
DESKTOP-6QEJ87A

====Operating System===
GNU/Linux

===Display Uptime===
 18:14:07 up  4:03,  1 user,  load average: 0.00, 0.01, 0.00

===Memory usage===
               total        used        free      shared  buff/cache   available
Mem:           3.8Gi       515Mi       3.3Gi       3.2Mi       136Mi       3.3Gi
Swap:          1.0Gi          0B       1.0Gi

===Disk usage===
Filesystem      Size  Used Avail Use% Mounted on
/dev/sdc       1007G  1.6G  955G   1% /

===Top 10 CPU processes===
    PID USER     %CPU %MEM COMMAND
   3727 ulysse09  100  0.0 ps -eo pid,user,%cpu,%mem,command --sort=-%cpu
   3721 ulysse09 12.5  0.0 /bin/bash /mnt/c/Users/HP/desktop/server-stats/server-stats.sh
      1 root      0.0  0.3 /sbin/init
   3604 root      0.0  0.1 nano /etc/ssmtp/ssmtp.conf
   3602 root      0.0  0.1 sudo nano /etc/ssmtp/ssmtp.conf
     61 root      0.0  0.4 /usr/lib/systemd/systemd-journald
    105 root      0.0  0.1 /usr/lib/systemd/systemd-udevd
    167 message+  0.0  0.1 @dbus-daemon --system --address=systemd: --nofork --nopidfile --systemd-activation --syslog-only
    308 root      0.0  0.0 /init

Script started at: Sun Mar 23 18:15:07 CAT 2025
====hostname====
DESKTOP-6QEJ87A

====Operating System===
GNU/Linux

===Display Uptime===
 18:15:07 up  4:04,  1 user,  load average: 0.00, 0.00, 0.00

===Memory usage===
               total        used        free      shared  buff/cache   available
Mem:           3.8Gi       516Mi       3.3Gi       3.2Mi       136Mi       3.3Gi
Swap:          1.0Gi          0B       1.0Gi

===Disk usage===
Filesystem      Size  Used Avail Use% Mounted on
/dev/sdc       1007G  1.6G  955G   1% /

===Top 10 CPU processes===
    PID USER     %CPU %MEM COMMAND
   3729 root     14.2  0.0 /usr/sbin/CRON -f -P
   3604 root      0.0  0.1 nano /etc/ssmtp/ssmtp.conf
      1 root      0.0  0.3 /sbin/init
   3602 root      0.0  0.1 sudo nano /etc/ssmtp/ssmtp.conf
     61 root      0.0  0.4 /usr/lib/systemd/systemd-journald
    105 root      0.0  0.1 /usr/lib/systemd/systemd-udevd
    167 message+  0.0  0.1 @dbus-daemon --system --address=systemd: --nofork --nopidfile --systemd-activation --syslog-only
    308 root      0.0  0.0 /init
   3024 syslog    0.0  0.1 /usr/sbin/rsyslogd -n -iNONE

Script started at: Sun Mar 23 18:16:04 CAT 2025
====hostname====
DESKTOP-6QEJ87A

====Operating System===
GNU/Linux

===Display Uptime===
 18:16:04 up  4:04,  1 user,  load average: 0.00, 0.00, 0.00

===Memory usage===
               total        used        free      shared  buff/cache   available
Mem:           3.8Gi       516Mi       3.3Gi       3.2Mi       136Mi       3.3Gi
Swap:          1.0Gi          0B       1.0Gi

===Disk usage===
Filesystem      Size  Used Avail Use% Mounted on
/dev/sdc       1007G  1.6G  955G   1% /

===Top 10 CPU processes===
    PID USER     %CPU %MEM COMMAND
   3741 ulysse09 25.0  0.0 /bin/bash /mnt/c/Users/HP/desktop/server-stats/server-stats.sh
   3604 root      0.0  0.1 nano /etc/ssmtp/ssmtp.conf
      1 root      0.0  0.3 /sbin/init
   3602 root      0.0  0.1 sudo nano /etc/ssmtp/ssmtp.conf
     61 root      0.0  0.4 /usr/lib/systemd/systemd-journald
    105 root      0.0  0.1 /usr/lib/systemd/systemd-udevd
    167 message+  0.0  0.1 @dbus-daemon --system --address=systemd: --nofork --nopidfile --systemd-activation --syslog-only
    308 root      0.0  0.0 /init
   3024 syslog    0.0  0.1 /usr/sbin/rsyslogd -n -iNONE

Script started at: Sun Mar 23 18:17:07 CAT 2025
====hostname====
DESKTOP-6QEJ87A

====Operating System===
GNU/Linux

===Display Uptime===
 18:17:07 up  4:05,  1 user,  load average: 0.00, 0.00, 0.00

===Memory usage===
               total        used        free      shared  buff/cache   available
Mem:           3.8Gi       520Mi       3.3Gi       3.2Mi       136Mi       3.3Gi
Swap:          1.0Gi          0B       1.0Gi

===Disk usage===
Filesystem      Size  Used Avail Use% Mounted on
/dev/sdc       1007G  1.6G  955G   1% /

===Top 10 CPU processes===
    PID USER     %CPU %MEM COMMAND
   3604 root      0.0  0.1 nano /etc/ssmtp/ssmtp.conf
      1 root      0.0  0.3 /sbin/init
   3602 root      0.0  0.1 sudo nano /etc/ssmtp/ssmtp.conf
     61 root      0.0  0.4 /usr/lib/systemd/systemd-journald
    105 root      0.0  0.1 /usr/lib/systemd/systemd-udevd
    167 message+  0.0  0.1 @dbus-daemon --system --address=systemd: --nofork --nopidfile --systemd-activation --syslog-only
    308 root      0.0  0.0 /init
   3024 syslog    0.0  0.1 /usr/sbin/rsyslogd -n -iNONE
    180 root      0.0  0.4 /usr/libexec/wsl-pro-service -vv

Script started at: Sun Mar 23 18:18:07 CAT 2025
====hostname====
DESKTOP-6QEJ87A

====Operating System===
GNU/Linux

===Display Uptime===
 18:18:07 up  4:06,  1 user,  load average: 0.00, 0.00, 0.00

===Memory usage===
               total        used        free      shared  buff/cache   available
Mem:           3.8Gi       548Mi       3.3Gi       3.2Mi       206Mi       3.2Gi
Swap:          1.0Gi          0B       1.0Gi

===Disk usage===
Filesystem      Size  Used Avail Use% Mounted on
/dev/sdc       1007G  1.6G  955G   1% /

===Top 10 CPU processes===
    PID USER     %CPU %MEM COMMAND
   3604 root      0.0  0.1 nano /etc/ssmtp/ssmtp.conf
      1 root      0.0  0.3 /sbin/init
   3602 root      0.0  0.1 sudo nano /etc/ssmtp/ssmtp.conf
     61 root      0.0  0.4 /usr/lib/systemd/systemd-journald
    105 root      0.0  0.1 /usr/lib/systemd/systemd-udevd
    167 message+  0.0  0.1 @dbus-daemon --system --address=systemd: --nofork --nopidfile --systemd-activation --syslog-only
    308 root      0.0  0.0 /init
   3024 syslog    0.0  0.1 /usr/sbin/rsyslogd -n -iNONE
    180 root      0.0  0.4 /usr/libexec/wsl-pro-service -vv

Script started at: Sun Mar 23 18:19:04 CAT 2025
====hostname====
DESKTOP-6QEJ87A

====Operating System===
GNU/Linux

===Display Uptime===
 18:19:04 up  4:07,  1 user,  load average: 0.00, 0.00, 0.00

===Memory usage===
               total        used        free      shared  buff/cache   available
Mem:           3.8Gi       520Mi       3.3Gi       3.2Mi       128Mi       3.3Gi
Swap:          1.0Gi          0B       1.0Gi

===Disk usage===
Filesystem      Size  Used Avail Use% Mounted on
/dev/sdc       1007G  1.6G  955G   1% /

===Top 10 CPU processes===
    PID USER     %CPU %MEM COMMAND
   3874 root      8.3  0.0 /usr/sbin/CRON -f -P
      1 root      0.0  0.3 /sbin/init
   3604 root      0.0  0.1 nano /etc/ssmtp/ssmtp.conf
   3602 root      0.0  0.1 sudo nano /etc/ssmtp/ssmtp.conf
     61 root      0.0  0.4 /usr/lib/systemd/systemd-journald
    105 root      0.0  0.1 /usr/lib/systemd/systemd-udevd
    167 message+  0.0  0.1 @dbus-daemon --system --address=systemd: --nofork --nopidfile --systemd-activation --syslog-only
    308 root      0.0  0.0 /init
   3024 syslog    0.0  0.1 /usr/sbin/rsyslogd -n -iNONE

Script started at: Sun Mar 23 18:20:07 CAT 2025
====hostname====
DESKTOP-6QEJ87A

====Operating System===
GNU/Linux

===Display Uptime===
 18:20:07 up  4:08,  1 user,  load average: 0.00, 0.00, 0.00

===Memory usage===
               total        used        free      shared  buff/cache   available
Mem:           3.8Gi       521Mi       3.3Gi       3.2Mi       129Mi       3.3Gi
Swap:          1.0Gi          0B       1.0Gi

===Disk usage===
Filesystem      Size  Used Avail Use% Mounted on
/dev/sdc       1007G  1.6G  955G   1% /

===Top 10 CPU processes===
    PID USER     %CPU %MEM COMMAND
   3604 root      0.0  0.1 nano /etc/ssmtp/ssmtp.conf
      1 root      0.0  0.3 /sbin/init
   3602 root      0.0  0.1 sudo nano /etc/ssmtp/ssmtp.conf
     61 root      0.0  0.4 /usr/lib/systemd/systemd-journald
    105 root      0.0  0.1 /usr/lib/systemd/systemd-udevd
    167 message+  0.0  0.1 @dbus-daemon --system --address=systemd: --nofork --nopidfile --systemd-activation --syslog-only
    308 root      0.0  0.0 /init
   3024 syslog    0.0  0.1 /usr/sbin/rsyslogd -n -iNONE
    180 root      0.0  0.4 /usr/libexec/wsl-pro-service -vv

Script started at: Sun Mar 23 18:21:07 CAT 2025
====hostname====
DESKTOP-6QEJ87A

====Operating System===
GNU/Linux

===Display Uptime===
 18:21:07 up  4:09,  1 user,  load average: 0.00, 0.00, 0.00

===Memory usage===
               total        used        free      shared  buff/cache   available
Mem:           3.8Gi       521Mi       3.3Gi       3.2Mi       129Mi       3.3Gi
Swap:          1.0Gi          0B       1.0Gi

===Disk usage===
Filesystem      Size  Used Avail Use% Mounted on
/dev/sdc       1007G  1.6G  955G   1% /

===Top 10 CPU processes===
    PID USER     %CPU %MEM COMMAND
      1 root      0.0  0.3 /sbin/init
   3604 root      0.0  0.1 nano /etc/ssmtp/ssmtp.conf
   3602 root      0.0  0.1 sudo nano /etc/ssmtp/ssmtp.conf
     61 root      0.0  0.4 /usr/lib/systemd/systemd-journald
    105 root      0.0  0.1 /usr/lib/systemd/systemd-udevd
    167 message+  0.0  0.1 @dbus-daemon --system --address=systemd: --nofork --nopidfile --systemd-activation --syslog-only
    308 root      0.0  0.0 /init
   3024 syslog    0.0  0.1 /usr/sbin/rsyslogd -n -iNONE
    180 root      0.0  0.4 /usr/libexec/wsl-pro-service -vv

Script started at: Sun Mar 23 18:22:04 CAT 2025
====hostname====
DESKTOP-6QEJ87A

====Operating System===
GNU/Linux

===Display Uptime===
 18:22:04 up  4:10,  1 user,  load average: 0.00, 0.00, 0.00

===Memory usage===
               total        used        free      shared  buff/cache   available
Mem:           3.8Gi       521Mi       3.3Gi       3.2Mi       129Mi       3.3Gi
Swap:          1.0Gi          0B       1.0Gi

===Disk usage===
Filesystem      Size  Used Avail Use% Mounted on
/dev/sdc       1007G  1.6G  955G   1% /

===Top 10 CPU processes===
    PID USER     %CPU %MEM COMMAND
      1 root      0.0  0.3 /sbin/init
   3604 root      0.0  0.1 nano /etc/ssmtp/ssmtp.conf
   3602 root      0.0  0.1 sudo nano /etc/ssmtp/ssmtp.conf
     61 root      0.0  0.4 /usr/lib/systemd/systemd-journald
    105 root      0.0  0.1 /usr/lib/systemd/systemd-udevd
    167 message+  0.0  0.1 @dbus-daemon --system --address=systemd: --nofork --nopidfile --systemd-activation --syslog-only
    308 root      0.0  0.0 /init
   3024 syslog    0.0  0.1 /usr/sbin/rsyslogd -n -iNONE
    180 root      0.0  0.4 /usr/libexec/wsl-pro-service -vv

Script started at: Sun Mar 23 18:23:07 CAT 2025
====hostname====
DESKTOP-6QEJ87A

====Operating System===
GNU/Linux

===Display Uptime===
 18:23:07 up  4:11,  1 user,  load average: 0.00, 0.00, 0.00

===Memory usage===
               total        used        free      shared  buff/cache   available
Mem:           3.8Gi       521Mi       3.3Gi       3.2Mi       129Mi       3.3Gi
Swap:          1.0Gi          0B       1.0Gi

===Disk usage===
Filesystem      Size  Used Avail Use% Mounted on
/dev/sdc       1007G  1.6G  955G   1% /

===Top 10 CPU processes===
    PID USER     %CPU %MEM COMMAND
   3915 root     14.2  0.0 /usr/sbin/CRON -f -P
      1 root      0.0  0.3 /sbin/init
   3604 root      0.0  0.1 nano /etc/ssmtp/ssmtp.conf
   3602 root      0.0  0.1 sudo nano /etc/ssmtp/ssmtp.conf
     61 root      0.0  0.4 /usr/lib/systemd/systemd-journald
    105 root      0.0  0.1 /usr/lib/systemd/systemd-udevd
    167 message+  0.0  0.1 @dbus-daemon --system --address=systemd: --nofork --nopidfile --systemd-activation --syslog-only
    308 root      0.0  0.0 /init
   3024 syslog    0.0  0.1 /usr/sbin/rsyslogd -n -iNONE

Script started at: Sun Mar 23 18:24:07 CAT 2025
====hostname====
DESKTOP-6QEJ87A

====Operating System===
GNU/Linux

===Display Uptime===
 18:24:07 up  4:12,  1 user,  load average: 0.00, 0.00, 0.00

===Memory usage===
               total        used        free      shared  buff/cache   available
Mem:           3.8Gi       522Mi       3.3Gi       3.2Mi       129Mi       3.3Gi
Swap:          1.0Gi          0B       1.0Gi

===Disk usage===
Filesystem      Size  Used Avail Use% Mounted on
/dev/sdc       1007G  1.6G  955G   1% /

===Top 10 CPU processes===
    PID USER     %CPU %MEM COMMAND
      1 root      0.0  0.3 /sbin/init
   3604 root      0.0  0.1 nano /etc/ssmtp/ssmtp.conf
   3602 root      0.0  0.1 sudo nano /etc/ssmtp/ssmtp.conf
     61 root      0.0  0.4 /usr/lib/systemd/systemd-journald
    105 root      0.0  0.1 /usr/lib/systemd/systemd-udevd
    167 message+  0.0  0.1 @dbus-daemon --system --address=systemd: --nofork --nopidfile --systemd-activation --syslog-only
    308 root      0.0  0.0 /init
    180 root      0.0  0.4 /usr/libexec/wsl-pro-service -vv
   3024 syslog    0.0  0.1 /usr/sbin/rsyslogd -n -iNONE

Script started at: Sun Mar 23 18:25:06 CAT 2025
====hostname====
DESKTOP-6QEJ87A

====Operating System===
GNU/Linux

===Display Uptime===
 18:25:06 up  4:13,  1 user,  load average: 0.00, 0.00, 0.00

===Memory usage===
               total        used        free      shared  buff/cache   available
Mem:           3.8Gi       522Mi       3.3Gi       3.2Mi       129Mi       3.3Gi
Swap:          1.0Gi          0B       1.0Gi

===Disk usage===
Filesystem      Size  Used Avail Use% Mounted on
/dev/sdc       1007G  1.6G  955G   1% /

===Top 10 CPU processes===
    PID USER     %CPU %MEM COMMAND
   3935 root     16.6  0.0 /usr/sbin/CRON -f -P
      1 root      0.0  0.3 /sbin/init
   3604 root      0.0  0.1 nano /etc/ssmtp/ssmtp.conf
   3602 root      0.0  0.1 sudo nano /etc/ssmtp/ssmtp.conf
     61 root      0.0  0.4 /usr/lib/systemd/systemd-journald
    105 root      0.0  0.1 /usr/lib/systemd/systemd-udevd
    167 message+  0.0  0.1 @dbus-daemon --system --address=systemd: --nofork --nopidfile --systemd-activation --syslog-only
    308 root      0.0  0.0 /init
    180 root      0.0  0.4 /usr/libexec/wsl-pro-service -vv

Script started at: Sun Mar 23 18:26:04 CAT 2025
====hostname====
DESKTOP-6QEJ87A

====Operating System===
GNU/Linux

===Display Uptime===
 18:26:04 up  4:14,  1 user,  load average: 0.00, 0.00, 0.00

===Memory usage===
               total        used        free      shared  buff/cache   available
Mem:           3.8Gi       523Mi       3.3Gi       3.2Mi       129Mi       3.3Gi
Swap:          1.0Gi          0B       1.0Gi

===Disk usage===
Filesystem      Size  Used Avail Use% Mounted on
/dev/sdc       1007G  1.6G  955G   1% /

===Top 10 CPU processes===
    PID USER     %CPU %MEM COMMAND
      1 root      0.0  0.3 /sbin/init
   3604 root      0.0  0.1 nano /etc/ssmtp/ssmtp.conf
   3602 root      0.0  0.1 sudo nano /etc/ssmtp/ssmtp.conf
     61 root      0.0  0.4 /usr/lib/systemd/systemd-journald
    105 root      0.0  0.1 /usr/lib/systemd/systemd-udevd
    167 message+  0.0  0.1 @dbus-daemon --system --address=systemd: --nofork --nopidfile --systemd-activation --syslog-only
    308 root      0.0  0.0 /init
    180 root      0.0  0.4 /usr/libexec/wsl-pro-service -vv
   3024 syslog    0.0  0.1 /usr/sbin/rsyslogd -n -iNONE

Script started at: Sun Mar 23 18:27:07 CAT 2025
====hostname====
DESKTOP-6QEJ87A

====Operating System===
GNU/Linux

===Display Uptime===
 18:27:07 up  4:15,  1 user,  load average: 0.00, 0.00, 0.00

===Memory usage===
               total        used        free      shared  buff/cache   available
Mem:           3.8Gi       523Mi       3.3Gi       3.2Mi       129Mi       3.3Gi
Swap:          1.0Gi          0B       1.0Gi

===Disk usage===
Filesystem      Size  Used Avail Use% Mounted on
/dev/sdc       1007G  1.6G  955G   1% /

===Top 10 CPU processes===
    PID USER     %CPU %MEM COMMAND
   3957 ulysse09 12.5  0.0 /bin/bash /mnt/c/Users/HP/desktop/server-stats/server-stats.sh
   3955 root     10.0  0.0 /usr/sbin/CRON -f -P
      1 root      0.0  0.3 /sbin/init
   3604 root      0.0  0.1 nano /etc/ssmtp/ssmtp.conf
   3602 root      0.0  0.1 sudo nano /etc/ssmtp/ssmtp.conf
     61 root      0.0  0.4 /usr/lib/systemd/systemd-journald
    105 root      0.0  0.1 /usr/lib/systemd/systemd-udevd
    167 message+  0.0  0.1 @dbus-daemon --system --address=systemd: --nofork --nopidfile --systemd-activation --syslog-only
    308 root      0.0  0.0 /init

Script started at: Sun Mar 23 18:28:07 CAT 2025
====hostname====
DESKTOP-6QEJ87A

====Operating System===
GNU/Linux

===Display Uptime===
 18:28:07 up  4:15,  1 user,  load average: 0.00, 0.00, 0.00

===Memory usage===
               total        used        free      shared  buff/cache   available
Mem:           3.8Gi       522Mi       3.3Gi       3.2Mi       134Mi       3.3Gi
Swap:          1.0Gi          0B       1.0Gi

===Disk usage===
Filesystem      Size  Used Avail Use% Mounted on
/dev/sdc       1007G  1.6G  955G   1% /

===Top 10 CPU processes===
    PID USER     %CPU %MEM COMMAND
      1 root      0.0  0.3 /sbin/init
     61 root      0.0  0.4 /usr/lib/systemd/systemd-journald
    105 root      0.0  0.1 /usr/lib/systemd/systemd-udevd
    167 message+  0.0  0.1 @dbus-daemon --system --address=systemd: --nofork --nopidfile --systemd-activation --syslog-only
    308 root      0.0  0.0 /init
    180 root      0.0  0.4 /usr/libexec/wsl-pro-service -vv
   3024 syslog    0.0  0.1 /usr/sbin/rsyslogd -n -iNONE
    120 systemd+  0.0  0.1 /usr/lib/systemd/systemd-timesyncd
    177 root      0.0  0.2 /usr/lib/systemd/systemd-logind

Script started at: Sun Mar 23 18:29:04 CAT 2025
====hostname====
DESKTOP-6QEJ87A

====Operating System===
GNU/Linux

===Display Uptime===
 18:29:04 up  4:16,  1 user,  load average: 0.00, 0.00, 0.00

===Memory usage===
               total        used        free      shared  buff/cache   available
Mem:           3.8Gi       533Mi       3.3Gi       3.2Mi       135Mi       3.3Gi
Swap:          1.0Gi          0B       1.0Gi

===Disk usage===
Filesystem      Size  Used Avail Use% Mounted on
/dev/sdc       1007G  1.6G  955G   1% /

===Top 10 CPU processes===
    PID USER     %CPU %MEM COMMAND
   3985 root     16.6  0.0 /usr/sbin/CRON -f -P
      1 root      0.0  0.3 /sbin/init
     61 root      0.0  0.4 /usr/lib/systemd/systemd-journald
    105 root      0.0  0.1 /usr/lib/systemd/systemd-udevd
    167 message+  0.0  0.1 @dbus-daemon --system --address=systemd: --nofork --nopidfile --systemd-activation --syslog-only
    308 root      0.0  0.0 /init
    180 root      0.0  0.4 /usr/libexec/wsl-pro-service -vv
   3024 syslog    0.0  0.1 /usr/sbin/rsyslogd -n -iNONE
    120 systemd+  0.0  0.1 /usr/lib/systemd/systemd-timesyncd

Script started at: Sun Mar 23 18:30:07 CAT 2025
====hostname====
DESKTOP-6QEJ87A

====Operating System===
GNU/Linux

===Display Uptime===
 18:30:07 up  4:17,  1 user,  load average: 0.00, 0.00, 0.00

===Memory usage===
               total        used        free      shared  buff/cache   available
Mem:           3.8Gi       534Mi       3.3Gi       3.2Mi       136Mi       3.3Gi
Swap:          1.0Gi          0B       1.0Gi

===Disk usage===
Filesystem      Size  Used Avail Use% Mounted on
/dev/sdc       1007G  1.6G  955G   1% /

===Top 10 CPU processes===
    PID USER     %CPU %MEM COMMAND
   3996 root      0.1  0.1 sudo nano /etc/ssmtp/ssmtp.conf
      1 root      0.0  0.3 /sbin/init
     61 root      0.0  0.4 /usr/lib/systemd/systemd-journald
    105 root      0.0  0.1 /usr/lib/systemd/systemd-udevd
    167 message+  0.0  0.1 @dbus-daemon --system --address=systemd: --nofork --nopidfile --systemd-activation --syslog-only
    308 root      0.0  0.0 /init
    180 root      0.0  0.4 /usr/libexec/wsl-pro-service -vv
   3024 syslog    0.0  0.1 /usr/sbin/rsyslogd -n -iNONE
    120 systemd+  0.0  0.1 /usr/lib/systemd/systemd-timesyncd

Script started at: Sun Mar 23 18:31:07 CAT 2025
====hostname====
DESKTOP-6QEJ87A

====Operating System===
GNU/Linux

===Display Uptime===
 18:31:07 up  4:18,  1 user,  load average: 0.00, 0.00, 0.00

===Memory usage===
               total        used        free      shared  buff/cache   available
Mem:           3.8Gi       536Mi       3.3Gi       3.2Mi       136Mi       3.3Gi
Swap:          1.0Gi          0B       1.0Gi

===Disk usage===
Filesystem      Size  Used Avail Use% Mounted on
/dev/sdc       1007G  1.6G  955G   1% /

===Top 10 CPU processes===
    PID USER     %CPU %MEM COMMAND
      1 root      0.0  0.3 /sbin/init
     61 root      0.0  0.4 /usr/lib/systemd/systemd-journald
   3998 root      0.0  0.0 nano /etc/ssmtp/ssmtp.conf
   3996 root      0.0  0.1 sudo nano /etc/ssmtp/ssmtp.conf
    105 root      0.0  0.1 /usr/lib/systemd/systemd-udevd
    167 message+  0.0  0.1 @dbus-daemon --system --address=systemd: --nofork --nopidfile --systemd-activation --syslog-only
    308 root      0.0  0.0 /init
    180 root      0.0  0.4 /usr/libexec/wsl-pro-service -vv
   3024 syslog    0.0  0.1 /usr/sbin/rsyslogd -n -iNONE

Script started at: Sun Mar 23 18:32:07 CAT 2025
====hostname====
DESKTOP-6QEJ87A

====Operating System===
GNU/Linux

===Display Uptime===
 18:32:07 up  4:19,  1 user,  load average: 0.00, 0.00, 0.00

===Memory usage===
               total        used        free      shared  buff/cache   available
Mem:           3.8Gi       539Mi       3.3Gi       3.2Mi       136Mi       3.3Gi
Swap:          1.0Gi          0B       1.0Gi

===Disk usage===
Filesystem      Size  Used Avail Use% Mounted on
/dev/sdc       1007G  1.6G  955G   1% /

===Top 10 CPU processes===
    PID USER     %CPU %MEM COMMAND
      1 root      0.0  0.3 /sbin/init
     61 root      0.0  0.4 /usr/lib/systemd/systemd-journald
    105 root      0.0  0.1 /usr/lib/systemd/systemd-udevd
    167 message+  0.0  0.1 @dbus-daemon --system --address=systemd: --nofork --nopidfile --systemd-activation --syslog-only
    308 root      0.0  0.0 /init
    180 root      0.0  0.4 /usr/libexec/wsl-pro-service -vv
   3024 syslog    0.0  0.1 /usr/sbin/rsyslogd -n -iNONE
    120 systemd+  0.0  0.1 /usr/lib/systemd/systemd-timesyncd
    177 root      0.0  0.2 /usr/lib/systemd/systemd-logind

Script started at: Sun Mar 23 18:33:04 CAT 2025
====hostname====
DESKTOP-6QEJ87A

====Operating System===
GNU/Linux

===Display Uptime===
 18:33:04 up  4:20,  1 user,  load average: 0.00, 0.00, 0.00

===Memory usage===
               total        used        free      shared  buff/cache   available
Mem:           3.8Gi       539Mi       3.3Gi       3.2Mi       136Mi       3.3Gi
Swap:          1.0Gi          0B       1.0Gi

===Disk usage===
Filesystem      Size  Used Avail Use% Mounted on
/dev/sdc       1007G  1.6G  955G   1% /

===Top 10 CPU processes===
    PID USER     %CPU %MEM COMMAND
   4046 ulysse09  100  0.0 ps -eo pid,user,%cpu,%mem,command --sort=-%cpu
      1 root      0.0  0.3 /sbin/init
     61 root      0.0  0.4 /usr/lib/systemd/systemd-journald
    105 root      0.0  0.1 /usr/lib/systemd/systemd-udevd
    167 message+  0.0  0.1 @dbus-daemon --system --address=systemd: --nofork --nopidfile --systemd-activation --syslog-only
    308 root      0.0  0.0 /init
    180 root      0.0  0.4 /usr/libexec/wsl-pro-service -vv
   3024 syslog    0.0  0.1 /usr/sbin/rsyslogd -n -iNONE
    120 systemd+  0.0  0.1 /usr/lib/systemd/systemd-timesyncd

Script started at: Sun Mar 23 18:34:07 CAT 2025
====hostname====
DESKTOP-6QEJ87A

====Operating System===
GNU/Linux

===Display Uptime===
 18:34:07 up  4:21,  1 user,  load average: 0.00, 0.00, 0.00

===Memory usage===
               total        used        free      shared  buff/cache   available
Mem:           3.8Gi       540Mi       3.3Gi       3.2Mi       136Mi       3.3Gi
Swap:          1.0Gi          0B       1.0Gi

===Disk usage===
Filesystem      Size  Used Avail Use% Mounted on
/dev/sdc       1007G  1.6G  955G   1% /

===Top 10 CPU processes===
    PID USER     %CPU %MEM COMMAND
      1 root      0.0  0.3 /sbin/init
     61 root      0.0  0.4 /usr/lib/systemd/systemd-journald
    105 root      0.0  0.1 /usr/lib/systemd/systemd-udevd
    167 message+  0.0  0.1 @dbus-daemon --system --address=systemd: --nofork --nopidfile --systemd-activation --syslog-only
    308 root      0.0  0.0 /init
    180 root      0.0  0.4 /usr/libexec/wsl-pro-service -vv
   3024 syslog    0.0  0.1 /usr/sbin/rsyslogd -n -iNONE
    120 systemd+  0.0  0.1 /usr/lib/systemd/systemd-timesyncd
    177 root      0.0  0.2 /usr/lib/systemd/systemd-logind

Script started at: Sun Mar 23 18:35:07 CAT 2025
====hostname====
DESKTOP-6QEJ87A

====Operating System===
GNU/Linux

===Display Uptime===
 18:35:07 up  4:22,  1 user,  load average: 0.00, 0.00, 0.00

===Memory usage===
               total        used        free      shared  buff/cache   available
Mem:           3.8Gi       540Mi       3.3Gi       3.2Mi       136Mi       3.3Gi
Swap:          1.0Gi          0B       1.0Gi

===Disk usage===
Filesystem      Size  Used Avail Use% Mounted on
/dev/sdc       1007G  1.6G  955G   1% /

===Top 10 CPU processes===
    PID USER     %CPU %MEM COMMAND
      1 root      0.0  0.3 /sbin/init
     61 root      0.0  0.4 /usr/lib/systemd/systemd-journald
    105 root      0.0  0.1 /usr/lib/systemd/systemd-udevd
    167 message+  0.0  0.1 @dbus-daemon --system --address=systemd: --nofork --nopidfile --systemd-activation --syslog-only
    308 root      0.0  0.0 /init
    180 root      0.0  0.4 /usr/libexec/wsl-pro-service -vv
   3024 syslog    0.0  0.1 /usr/sbin/rsyslogd -n -iNONE
    120 systemd+  0.0  0.1 /usr/lib/systemd/systemd-timesyncd
    177 root      0.0  0.2 /usr/lib/systemd/systemd-logind

Script started at: Sun Mar 23 18:36:04 CAT 2025
====hostname====
DESKTOP-6QEJ87A

====Operating System===
GNU/Linux

===Display Uptime===
 18:36:04 up  4:23,  1 user,  load average: 0.00, 0.00, 0.00

===Memory usage===
               total        used        free      shared  buff/cache   available
Mem:           3.8Gi       540Mi       3.3Gi       3.2Mi       136Mi       3.3Gi
Swap:          1.0Gi          0B       1.0Gi

===Disk usage===
Filesystem      Size  Used Avail Use% Mounted on
/dev/sdc       1007G  1.6G  955G   1% /

===Top 10 CPU processes===
    PID USER     %CPU %MEM COMMAND
      1 root      0.0  0.3 /sbin/init
     61 root      0.0  0.4 /usr/lib/systemd/systemd-journald
    105 root      0.0  0.1 /usr/lib/systemd/systemd-udevd
    167 message+  0.0  0.1 @dbus-daemon --system --address=systemd: --nofork --nopidfile --systemd-activation --syslog-only
    308 root      0.0  0.0 /init
    180 root      0.0  0.4 /usr/libexec/wsl-pro-service -vv
   3024 syslog    0.0  0.1 /usr/sbin/rsyslogd -n -iNONE
    120 systemd+  0.0  0.1 /usr/lib/systemd/systemd-timesyncd
    177 root      0.0  0.2 /usr/lib/systemd/systemd-logind

Script started at: Sun Mar 23 18:37:06 CAT 2025
====hostname====
DESKTOP-6QEJ87A

====Operating System===
GNU/Linux

===Display Uptime===
 18:37:06 up  4:24,  1 user,  load average: 0.00, 0.00, 0.00

===Memory usage===
               total        used        free      shared  buff/cache   available
Mem:           3.8Gi       538Mi       3.3Gi       3.2Mi       136Mi       3.3Gi
Swap:          1.0Gi          0B       1.0Gi

===Disk usage===
Filesystem      Size  Used Avail Use% Mounted on
/dev/sdc       1007G  1.6G  955G   1% /

===Top 10 CPU processes===
    PID USER     %CPU %MEM COMMAND
      1 root      0.0  0.3 /sbin/init
     61 root      0.0  0.4 /usr/lib/systemd/systemd-journald
    105 root      0.0  0.1 /usr/lib/systemd/systemd-udevd
    167 message+  0.0  0.1 @dbus-daemon --system --address=systemd: --nofork --nopidfile --systemd-activation --syslog-only
    308 root      0.0  0.0 /init
    180 root      0.0  0.4 /usr/libexec/wsl-pro-service -vv
   3024 syslog    0.0  0.1 /usr/sbin/rsyslogd -n -iNONE
    120 systemd+  0.0  0.1 /usr/lib/systemd/systemd-timesyncd
    177 root      0.0  0.2 /usr/lib/systemd/systemd-logind

Script started at: Sun Mar 23 18:38:06 CAT 2025
====hostname====
DESKTOP-6QEJ87A

====Operating System===
GNU/Linux

===Display Uptime===
 18:38:06 up  4:25,  1 user,  load average: 0.00, 0.00, 0.00

===Memory usage===
               total        used        free      shared  buff/cache   available
Mem:           3.8Gi       542Mi       3.3Gi       3.2Mi       143Mi       3.2Gi
Swap:          1.0Gi          0B       1.0Gi

===Disk usage===
Filesystem      Size  Used Avail Use% Mounted on
/dev/sdc       1007G  1.6G  955G   1% /

===Top 10 CPU processes===
    PID USER     %CPU %MEM COMMAND
   4091 ulysse09 16.6  0.0 /bin/bash /mnt/c/Users/HP/desktop/server-stats/server-stats.sh
   4089 root     11.1  0.0 /usr/sbin/CRON -f -P
      1 root      0.0  0.3 /sbin/init
     61 root      0.0  0.4 /usr/lib/systemd/systemd-journald
    105 root      0.0  0.1 /usr/lib/systemd/systemd-udevd
    167 message+  0.0  0.1 @dbus-daemon --system --address=systemd: --nofork --nopidfile --systemd-activation --syslog-only
    308 root      0.0  0.0 /init
    180 root      0.0  0.4 /usr/libexec/wsl-pro-service -vv
   3024 syslog    0.0  0.1 /usr/sbin/rsyslogd -n -iNONE

Script started at: Sun Mar 23 18:39:04 CAT 2025
====hostname====
DESKTOP-6QEJ87A

====Operating System===
GNU/Linux

===Display Uptime===
 18:39:04 up  4:26,  1 user,  load average: 0.00, 0.00, 0.00

===Memory usage===
               total        used        free      shared  buff/cache   available
Mem:           3.8Gi       541Mi       3.3Gi       3.2Mi       143Mi       3.2Gi
Swap:          1.0Gi          0B       1.0Gi

===Disk usage===
Filesystem      Size  Used Avail Use% Mounted on
/dev/sdc       1007G  1.6G  955G   1% /

===Top 10 CPU processes===
    PID USER     %CPU %MEM COMMAND
      1 root      0.0  0.3 /sbin/init
     61 root      0.0  0.4 /usr/lib/systemd/systemd-journald
    105 root      0.0  0.1 /usr/lib/systemd/systemd-udevd
    167 message+  0.0  0.1 @dbus-daemon --system --address=systemd: --nofork --nopidfile --systemd-activation --syslog-only
    308 root      0.0  0.0 /init
    180 root      0.0  0.4 /usr/libexec/wsl-pro-service -vv
   3024 syslog    0.0  0.1 /usr/sbin/rsyslogd -n -iNONE
    120 systemd+  0.0  0.1 /usr/lib/systemd/systemd-timesyncd
    177 root      0.0  0.2 /usr/lib/systemd/systemd-logind

Script started at: Sun Mar 23 18:40:07 CAT 2025
====hostname====
DESKTOP-6QEJ87A

====Operating System===
GNU/Linux

===Display Uptime===
 18:40:07 up  4:26,  1 user,  load average: 0.00, 0.00, 0.00

===Memory usage===
               total        used        free      shared  buff/cache   available
Mem:           3.8Gi       541Mi       3.3Gi       3.2Mi       143Mi       3.2Gi
Swap:          1.0Gi          0B       1.0Gi

===Disk usage===
Filesystem      Size  Used Avail Use% Mounted on
/dev/sdc       1007G  1.6G  955G   1% /

===Top 10 CPU processes===
    PID USER     %CPU %MEM COMMAND
   4113 ulysse09 20.0  0.0 /bin/sh -c /mnt/c/Users/HP/desktop/server-stats/server-stats.sh >> /mnt/c/Users/HP/desktop/server-stats/logfile.log 2>&1
   4112 root     14.2  0.0 /usr/sbin/CRON -f -P
      1 root      0.0  0.3 /sbin/init
     61 root      0.0  0.4 /usr/lib/systemd/systemd-journald
    105 root      0.0  0.1 /usr/lib/systemd/systemd-udevd
    167 message+  0.0  0.1 @dbus-daemon --system --address=systemd: --nofork --nopidfile --systemd-activation --syslog-only
    308 root      0.0  0.0 /init
    180 root      0.0  0.4 /usr/libexec/wsl-pro-service -vv
   3024 syslog    0.0  0.1 /usr/sbin/rsyslogd -n -iNONE

Script started at: Sun Mar 23 18:41:07 CAT 2025
====hostname====
DESKTOP-6QEJ87A

====Operating System===
GNU/Linux

===Display Uptime===
 18:41:07 up  4:27,  1 user,  load average: 0.00, 0.00, 0.00

===Memory usage===
               total        used        free      shared  buff/cache   available
Mem:           3.8Gi       541Mi       3.3Gi       3.2Mi       143Mi       3.2Gi
Swap:          1.0Gi          0B       1.0Gi

===Disk usage===
Filesystem      Size  Used Avail Use% Mounted on
/dev/sdc       1007G  1.6G  955G   1% /

===Top 10 CPU processes===
    PID USER     %CPU %MEM COMMAND
      1 root      0.0  0.3 /sbin/init
     61 root      0.0  0.4 /usr/lib/systemd/systemd-journald
    105 root      0.0  0.1 /usr/lib/systemd/systemd-udevd
    167 message+  0.0  0.1 @dbus-daemon --system --address=systemd: --nofork --nopidfile --systemd-activation --syslog-only
    308 root      0.0  0.0 /init
    180 root      0.0  0.4 /usr/libexec/wsl-pro-service -vv
   3024 syslog    0.0  0.1 /usr/sbin/rsyslogd -n -iNONE
    120 systemd+  0.0  0.1 /usr/lib/systemd/systemd-timesyncd
    177 root      0.0  0.2 /usr/lib/systemd/systemd-logind

Script started at: Sun Mar 23 18:42:07 CAT 2025
====hostname====
DESKTOP-6QEJ87A

====Operating System===
GNU/Linux

===Display Uptime===
 18:42:07 up  4:28,  1 user,  load average: 0.00, 0.00, 0.00

===Memory usage===
               total        used        free      shared  buff/cache   available
Mem:           3.8Gi       542Mi       3.3Gi       3.2Mi       143Mi       3.2Gi
Swap:          1.0Gi          0B       1.0Gi

===Disk usage===
Filesystem      Size  Used Avail Use% Mounted on
/dev/sdc       1007G  1.6G  955G   1% /

===Top 10 CPU processes===
    PID USER     %CPU %MEM COMMAND
      1 root      0.0  0.3 /sbin/init
     61 root      0.0  0.4 /usr/lib/systemd/systemd-journald
    105 root      0.0  0.1 /usr/lib/systemd/systemd-udevd
    167 message+  0.0  0.1 @dbus-daemon --system --address=systemd: --nofork --nopidfile --systemd-activation --syslog-only
    308 root      0.0  0.0 /init
    180 root      0.0  0.4 /usr/libexec/wsl-pro-service -vv
   3024 syslog    0.0  0.1 /usr/sbin/rsyslogd -n -iNONE
    120 systemd+  0.0  0.1 /usr/lib/systemd/systemd-timesyncd
    177 root      0.0  0.2 /usr/lib/systemd/systemd-logind

Script started at: Sun Mar 23 18:43:04 CAT 2025
====hostname====
DESKTOP-6QEJ87A

====Operating System===
GNU/Linux

===Display Uptime===
 18:43:04 up  4:29,  1 user,  load average: 0.00, 0.00, 0.00

===Memory usage===
               total        used        free      shared  buff/cache   available
Mem:           3.8Gi       542Mi       3.3Gi       3.2Mi       169Mi       3.2Gi
Swap:          1.0Gi          0B       1.0Gi

===Disk usage===
Filesystem      Size  Used Avail Use% Mounted on
/dev/sdc       1007G  1.6G  955G   1% /

===Top 10 CPU processes===
    PID USER     %CPU %MEM COMMAND
   4154 ulysse09 16.6  0.0 /bin/bash /mnt/c/Users/HP/desktop/server-stats/server-stats.sh
   4152 root     12.5  0.0 /usr/sbin/CRON -f -P
      1 root      0.0  0.3 /sbin/init
     61 root      0.0  0.4 /usr/lib/systemd/systemd-journald
    105 root      0.0  0.1 /usr/lib/systemd/systemd-udevd
    167 message+  0.0  0.1 @dbus-daemon --system --address=systemd: --nofork --nopidfile --systemd-activation --syslog-only
    308 root      0.0  0.0 /init
    180 root      0.0  0.4 /usr/libexec/wsl-pro-service -vv
   3024 syslog    0.0  0.1 /usr/sbin/rsyslogd -n -iNONE

Script started at: Sun Mar 23 18:44:07 CAT 2025
====hostname====
DESKTOP-6QEJ87A

====Operating System===
GNU/Linux

===Display Uptime===
 18:44:07 up  4:30,  1 user,  load average: 0.00, 0.00, 0.00

===Memory usage===
               total        used        free      shared  buff/cache   available
Mem:           3.8Gi       545Mi       3.3Gi       3.2Mi       169Mi       3.2Gi
Swap:          1.0Gi          0B       1.0Gi

===Disk usage===
Filesystem      Size  Used Avail Use% Mounted on
/dev/sdc       1007G  1.6G  955G   1% /

===Top 10 CPU processes===
    PID USER     %CPU %MEM COMMAND
   4176 ulysse09 12.5  0.0 /bin/bash /mnt/c/Users/HP/desktop/server-stats/server-stats.sh
   4174 root     10.0  0.0 /usr/sbin/CRON -f -P
      1 root      0.0  0.3 /sbin/init
     61 root      0.0  0.4 /usr/lib/systemd/systemd-journald
    105 root      0.0  0.1 /usr/lib/systemd/systemd-udevd
    167 message+  0.0  0.1 @dbus-daemon --system --address=systemd: --nofork --nopidfile --systemd-activation --syslog-only
    308 root      0.0  0.0 /init
    180 root      0.0  0.4 /usr/libexec/wsl-pro-service -vv
   3024 syslog    0.0  0.1 /usr/sbin/rsyslogd -n -iNONE

Script started at: Sun Mar 23 18:45:07 CAT 2025
====hostname====
DESKTOP-6QEJ87A

====Operating System===
GNU/Linux

===Display Uptime===
 18:45:07 up  4:31,  1 user,  load average: 0.07, 0.02, 0.00

===Memory usage===
               total        used        free      shared  buff/cache   available
Mem:           3.8Gi       546Mi       3.3Gi       3.2Mi       169Mi       3.2Gi
Swap:          1.0Gi          0B       1.0Gi

===Disk usage===
Filesystem      Size  Used Avail Use% Mounted on
/dev/sdc       1007G  1.6G  955G   1% /

===Top 10 CPU processes===
    PID USER     %CPU %MEM COMMAND
   4185 ulysse09 16.6  0.0 /bin/sh -c /mnt/c/Users/HP/desktop/server-stats/server-stats.sh >> /mnt/c/Users/HP/desktop/server-stats/logfile.log 2>&1
   4184 root     12.5  0.0 /usr/sbin/CRON -f -P
      1 root      0.0  0.3 /sbin/init
     61 root      0.0  0.4 /usr/lib/systemd/systemd-journald
    105 root      0.0  0.1 /usr/lib/systemd/systemd-udevd
    167 message+  0.0  0.1 @dbus-daemon --system --address=systemd: --nofork --nopidfile --systemd-activation --syslog-only
    308 root      0.0  0.0 /init
    180 root      0.0  0.4 /usr/libexec/wsl-pro-service -vv
   3024 syslog    0.0  0.1 /usr/sbin/rsyslogd -n -iNONE

Script started at: Sun Mar 23 18:46:04 CAT 2025
====hostname====
DESKTOP-6QEJ87A

====Operating System===
GNU/Linux

===Display Uptime===
 18:46:04 up  4:32,  1 user,  load average: 0.03, 0.01, 0.00

===Memory usage===
               total        used        free      shared  buff/cache   available
Mem:           3.8Gi       547Mi       3.3Gi       3.2Mi       169Mi       3.2Gi
Swap:          1.0Gi          0B       1.0Gi

===Disk usage===
Filesystem      Size  Used Avail Use% Mounted on
/dev/sdc       1007G  1.6G  955G   1% /

===Top 10 CPU processes===
    PID USER     %CPU %MEM COMMAND
   4197 ulysse09 20.0  0.0 /bin/bash /mnt/c/Users/HP/desktop/server-stats/server-stats.sh
      1 root      0.0  0.3 /sbin/init
     61 root      0.0  0.4 /usr/lib/systemd/systemd-journald
    105 root      0.0  0.1 /usr/lib/systemd/systemd-udevd
    167 message+  0.0  0.1 @dbus-daemon --system --address=systemd: --nofork --nopidfile --systemd-activation --syslog-only
    308 root      0.0  0.0 /init
    180 root      0.0  0.4 /usr/libexec/wsl-pro-service -vv
   3024 syslog    0.0  0.1 /usr/sbin/rsyslogd -n -iNONE
    120 systemd+  0.0  0.1 /usr/lib/systemd/systemd-timesyncd

Script started at: Sun Mar 23 18:47:07 CAT 2025
====hostname====
DESKTOP-6QEJ87A

====Operating System===
GNU/Linux

===Display Uptime===
 18:47:07 up  4:33,  1 user,  load average: 0.01, 0.01, 0.00

===Memory usage===
               total        used        free      shared  buff/cache   available
Mem:           3.8Gi       547Mi       3.3Gi       3.2Mi       169Mi       3.2Gi
Swap:          1.0Gi          0B       1.0Gi

===Disk usage===
Filesystem      Size  Used Avail Use% Mounted on
/dev/sdc       1007G  1.6G  955G   1% /

===Top 10 CPU processes===
    PID USER     %CPU %MEM COMMAND
      1 root      0.0  0.3 /sbin/init
     61 root      0.0  0.4 /usr/lib/systemd/systemd-journald
    105 root      0.0  0.1 /usr/lib/systemd/systemd-udevd
    167 message+  0.0  0.1 @dbus-daemon --system --address=systemd: --nofork --nopidfile --systemd-activation --syslog-only
    308 root      0.0  0.0 /init
    180 root      0.0  0.4 /usr/libexec/wsl-pro-service -vv
   3024 syslog    0.0  0.1 /usr/sbin/rsyslogd -n -iNONE
    120 systemd+  0.0  0.1 /usr/lib/systemd/systemd-timesyncd
    177 root      0.0  0.2 /usr/lib/systemd/systemd-logind

Script started at: Sun Mar 23 18:48:07 CAT 2025
====hostname====
DESKTOP-6QEJ87A

====Operating System===
GNU/Linux

===Display Uptime===
 18:48:07 up  4:34,  1 user,  load average: 0.00, 0.00, 0.00

===Memory usage===
               total        used        free      shared  buff/cache   available
Mem:           3.8Gi       547Mi       3.3Gi       3.2Mi       169Mi       3.2Gi
Swap:          1.0Gi          0B       1.0Gi

===Disk usage===
Filesystem      Size  Used Avail Use% Mounted on
/dev/sdc       1007G  1.6G  955G   1% /

===Top 10 CPU processes===
    PID USER     %CPU %MEM COMMAND
   4215 root     14.2  0.0 /usr/sbin/CRON -f -P
      1 root      0.0  0.3 /sbin/init
     61 root      0.0  0.4 /usr/lib/systemd/systemd-journald
    105 root      0.0  0.1 /usr/lib/systemd/systemd-udevd
    167 message+  0.0  0.1 @dbus-daemon --system --address=systemd: --nofork --nopidfile --systemd-activation --syslog-only
    308 root      0.0  0.0 /init
    180 root      0.0  0.4 /usr/libexec/wsl-pro-service -vv
   3024 syslog    0.0  0.1 /usr/sbin/rsyslogd -n -iNONE
    120 systemd+  0.0  0.1 /usr/lib/systemd/systemd-timesyncd

Script started at: Sun Mar 23 18:49:07 CAT 2025
====hostname====
DESKTOP-6QEJ87A

====Operating System===
GNU/Linux

===Display Uptime===
 18:49:07 up  4:35,  1 user,  load average: 0.00, 0.00, 0.00

===Memory usage===
               total        used        free      shared  buff/cache   available
Mem:           3.8Gi       547Mi       3.3Gi       3.2Mi       169Mi       3.2Gi
Swap:          1.0Gi          0B       1.0Gi

===Disk usage===
Filesystem      Size  Used Avail Use% Mounted on
/dev/sdc       1007G  1.6G  955G   1% /

===Top 10 CPU processes===
    PID USER     %CPU %MEM COMMAND
      1 root      0.0  0.3 /sbin/init
     61 root      0.0  0.4 /usr/lib/systemd/systemd-journald
    105 root      0.0  0.1 /usr/lib/systemd/systemd-udevd
    167 message+  0.0  0.1 @dbus-daemon --system --address=systemd: --nofork --nopidfile --systemd-activation --syslog-only
    308 root      0.0  0.0 /init
    180 root      0.0  0.4 /usr/libexec/wsl-pro-service -vv
   3024 syslog    0.0  0.1 /usr/sbin/rsyslogd -n -iNONE
    120 systemd+  0.0  0.1 /usr/lib/systemd/systemd-timesyncd
    177 root      0.0  0.2 /usr/lib/systemd/systemd-logind

Script started at: Sun Mar 23 18:50:04 CAT 2025
====hostname====
DESKTOP-6QEJ87A

====Operating System===
GNU/Linux

===Display Uptime===
 18:50:04 up  4:36,  1 user,  load average: 0.00, 0.00, 0.00

===Memory usage===
               total        used        free      shared  buff/cache   available
Mem:           3.8Gi       582Mi       3.2Gi       3.2Mi       225Mi       3.2Gi
Swap:          1.0Gi          0B       1.0Gi

===Disk usage===
Filesystem      Size  Used Avail Use% Mounted on
/dev/sdc       1007G  1.6G  955G   1% /

===Top 10 CPU processes===
    PID USER     %CPU %MEM COMMAND
   4265 ulysse09 14.2  0.0 /bin/sh -c /mnt/c/Users/HP/desktop/server-stats/server-stats.sh >> /mnt/c/Users/HP/desktop/server-stats/logfile.log 2>&1
   4264 root     12.5  0.0 /usr/sbin/CRON -f -P
   4238 root     10.3  1.9 apt install mutt
   4236 root      0.3  0.1 sudo apt install mutt
      1 root      0.0  0.3 /sbin/init
     61 root      0.0  0.4 /usr/lib/systemd/systemd-journald
    105 root      0.0  0.1 /usr/lib/systemd/systemd-udevd
    167 message+  0.0  0.1 @dbus-daemon --system --address=systemd: --nofork --nopidfile --systemd-activation --syslog-only
    308 root      0.0  0.0 /init

Script started at: Sun Mar 23 18:51:07 CAT 2025
====hostname====
DESKTOP-6QEJ87A

====Operating System===
GNU/Linux

===Display Uptime===
 18:51:07 up  4:37,  1 user,  load average: 0.09, 0.03, 0.01

===Memory usage===
               total        used        free      shared  buff/cache   available
Mem:           3.8Gi       553Mi       3.1Gi       3.2Mi       323Mi       3.2Gi
Swap:          1.0Gi          0B       1.0Gi

===Disk usage===
Filesystem      Size  Used Avail Use% Mounted on
/dev/sdc       1007G  1.6G  955G   1% /

===Top 10 CPU processes===
    PID USER     %CPU %MEM COMMAND
   4407 root     16.6  0.0 /usr/sbin/CRON -f -P
   4372 root      0.2  0.5 /usr/libexec/packagekitd
      1 root      0.0  0.3 /sbin/init
     61 root      0.0  0.4 /usr/lib/systemd/systemd-journald
    105 root      0.0  0.1 /usr/lib/systemd/systemd-udevd
    167 message+  0.0  0.1 @dbus-daemon --system --address=systemd: --nofork --nopidfile --systemd-activation --syslog-only
    308 root      0.0  0.0 /init
    180 root      0.0  0.4 /usr/libexec/wsl-pro-service -vv
   3024 syslog    0.0  0.1 /usr/sbin/rsyslogd -n -iNONE

Script started at: Sun Mar 23 18:52:07 CAT 2025
====hostname====
DESKTOP-6QEJ87A

====Operating System===
GNU/Linux

===Display Uptime===
 18:52:07 up  4:37,  1 user,  load average: 0.03, 0.02, 0.00

===Memory usage===
               total        used        free      shared  buff/cache   available
Mem:           3.8Gi       522Mi       3.3Gi       3.2Mi       134Mi       3.3Gi
Swap:          1.0Gi          0B       1.0Gi

===Disk usage===
Filesystem      Size  Used Avail Use% Mounted on
/dev/sdc       1007G  1.6G  955G   1% /

===Top 10 CPU processes===
    PID USER     %CPU %MEM COMMAND
   4417 root      6.6  0.0 /usr/sbin/CRON -f -P
   4372 root      0.0  0.5 /usr/libexec/packagekitd
      1 root      0.0  0.3 /sbin/init
     61 root      0.0  0.4 /usr/lib/systemd/systemd-journald
    167 message+  0.0  0.1 @dbus-daemon --system --address=systemd: --nofork --nopidfile --systemd-activation --syslog-only
    105 root      0.0  0.1 /usr/lib/systemd/systemd-udevd
    308 root      0.0  0.0 /init
    180 root      0.0  0.4 /usr/libexec/wsl-pro-service -vv
   3024 syslog    0.0  0.1 /usr/sbin/rsyslogd -n -iNONE

Script started at: Sun Mar 23 18:53:04 CAT 2025
====hostname====
DESKTOP-6QEJ87A

====Operating System===
GNU/Linux

===Display Uptime===
 18:53:04 up  4:38,  1 user,  load average: 0.01, 0.02, 0.00

===Memory usage===
               total        used        free      shared  buff/cache   available
Mem:           3.8Gi       523Mi       3.3Gi       3.2Mi       135Mi       3.3Gi
Swap:          1.0Gi          0B       1.0Gi

===Disk usage===
Filesystem      Size  Used Avail Use% Mounted on
/dev/sdc       1007G  1.6G  955G   1% /

===Top 10 CPU processes===
    PID USER     %CPU %MEM COMMAND
   4372 root      0.0  0.5 /usr/libexec/packagekitd
      1 root      0.0  0.3 /sbin/init
     61 root      0.0  0.4 /usr/lib/systemd/systemd-journald
    167 message+  0.0  0.1 @dbus-daemon --system --address=systemd: --nofork --nopidfile --systemd-activation --syslog-only
    105 root      0.0  0.1 /usr/lib/systemd/systemd-udevd
    308 root      0.0  0.0 /init
    180 root      0.0  0.4 /usr/libexec/wsl-pro-service -vv
   3024 syslog    0.0  0.1 /usr/sbin/rsyslogd -n -iNONE
    120 systemd+  0.0  0.1 /usr/lib/systemd/systemd-timesyncd

Script started at: Sun Mar 23 18:54:07 CAT 2025
====hostname====
DESKTOP-6QEJ87A

====Operating System===
GNU/Linux

===Display Uptime===
 18:54:07 up  4:39,  1 user,  load average: 0.00, 0.01, 0.00

===Memory usage===
               total        used        free      shared  buff/cache   available
Mem:           3.8Gi       525Mi       3.3Gi       3.2Mi       136Mi       3.3Gi
Swap:          1.0Gi          0B       1.0Gi

===Disk usage===
Filesystem      Size  Used Avail Use% Mounted on
/dev/sdc       1007G  1.6G  955G   1% /

===Top 10 CPU processes===
    PID USER     %CPU %MEM COMMAND
   4447 ulysse09  0.2  0.1 /bin/nano /tmp/crontab.713jfH/crontab
   4372 root      0.0  0.5 /usr/libexec/packagekitd
      1 root      0.0  0.3 /sbin/init
     61 root      0.0  0.4 /usr/lib/systemd/systemd-journald
    167 message+  0.0  0.1 @dbus-daemon --system --address=systemd: --nofork --nopidfile --systemd-activation --syslog-only
    105 root      0.0  0.1 /usr/lib/systemd/systemd-udevd
    308 root      0.0  0.0 /init
    180 root      0.0  0.4 /usr/libexec/wsl-pro-service -vv
   3024 syslog    0.0  0.1 /usr/sbin/rsyslogd -n -iNONE

Script started at: Sun Mar 23 18:55:07 CAT 2025
====hostname====
DESKTOP-6QEJ87A

====Operating System===
GNU/Linux

===Display Uptime===
 18:55:07 up  4:40,  1 user,  load average: 0.00, 0.01, 0.00

===Memory usage===
               total        used        free      shared  buff/cache   available
Mem:           3.8Gi       524Mi       3.3Gi       3.2Mi       136Mi       3.3Gi
Swap:          1.0Gi          0B       1.0Gi

===Disk usage===
Filesystem      Size  Used Avail Use% Mounted on
/dev/sdc       1007G  1.6G  955G   1% /

===Top 10 CPU processes===
    PID USER     %CPU %MEM COMMAND
   4468 ulysse09  100  0.0 ps -eo pid,user,%cpu,%mem,command --sort=-%cpu
   4462 ulysse09 12.5  0.0 /bin/bash /mnt/c/Users/HP/desktop/server-stats/server-stats.sh
   4460 root      9.0  0.0 /usr/sbin/CRON -f -P
      1 root      0.0  0.3 /sbin/init
   4372 root      0.0  0.5 /usr/libexec/packagekitd
     61 root      0.0  0.4 /usr/lib/systemd/systemd-journald
    167 message+  0.0  0.1 @dbus-daemon --system --address=systemd: --nofork --nopidfile --systemd-activation --syslog-only
    105 root      0.0  0.1 /usr/lib/systemd/systemd-udevd
    308 root      0.0  0.0 /init

Script started at: Sun Mar 23 18:56:04 CAT 2025
====hostname====
DESKTOP-6QEJ87A

====Operating System===
GNU/Linux

===Display Uptime===
 18:56:04 up  4:41,  1 user,  load average: 0.00, 0.00, 0.00

===Memory usage===
               total        used        free      shared  buff/cache   available
Mem:           3.8Gi       525Mi       3.3Gi       3.2Mi       138Mi       3.3Gi
Swap:          1.0Gi          0B       1.0Gi

===Disk usage===
Filesystem      Size  Used Avail Use% Mounted on
/dev/sdc       1007G  1.6G  955G   1% /

===Top 10 CPU processes===
    PID USER     %CPU %MEM COMMAND
   4481 ulysse09  0.3  0.0 /bin/nano /tmp/crontab.PTiEuz/crontab
      1 root      0.0  0.3 /sbin/init
     61 root      0.0  0.4 /usr/lib/systemd/systemd-journald
    167 message+  0.0  0.1 @dbus-daemon --system --address=systemd: --nofork --nopidfile --systemd-activation --syslog-only
    105 root      0.0  0.1 /usr/lib/systemd/systemd-udevd
    308 root      0.0  0.0 /init
    180 root      0.0  0.4 /usr/libexec/wsl-pro-service -vv
   3024 syslog    0.0  0.1 /usr/sbin/rsyslogd -n -iNONE
    120 systemd+  0.0  0.1 /usr/lib/systemd/systemd-timesyncd

Script started at: Sun Mar 23 18:57:03 CAT 2025
====hostname====
DESKTOP-6QEJ87A

====Operating System===
GNU/Linux

===Display Uptime===
 18:57:03 up  4:42,  1 user,  load average: 0.00, 0.00, 0.00

===Memory usage===
               total        used        free      shared  buff/cache   available
Mem:           3.8Gi       525Mi       3.3Gi       3.2Mi       138Mi       3.3Gi
Swap:          1.0Gi          0B       1.0Gi

===Disk usage===
Filesystem      Size  Used Avail Use% Mounted on
/dev/sdc       1007G  1.6G  955G   1% /

===Top 10 CPU processes===
    PID USER     %CPU %MEM COMMAND
   4496 ulysse09 16.6  0.0 /bin/sh -c /mnt/c/Users/HP/desktop/server-stats/server-stats.sh >> /mnt/c/Users/HP/desktop/server-stats/logfile.log 2>&1 &&  cat /mnt/c/Users/HP/desktop/server-stats/logfile.log | ssmtp upkabalisa@gmail.com
   4481 ulysse09  0.1  0.0 /bin/nano /tmp/crontab.PTiEuz/crontab
      1 root      0.0  0.3 /sbin/init
     61 root      0.0  0.4 /usr/lib/systemd/systemd-journald
    167 message+  0.0  0.1 @dbus-daemon --system --address=systemd: --nofork --nopidfile --systemd-activation --syslog-only
    105 root      0.0  0.1 /usr/lib/systemd/systemd-udevd
    308 root      0.0  0.0 /init
    180 root      0.0  0.4 /usr/libexec/wsl-pro-service -vv
   3024 syslog    0.0  0.1 /usr/sbin/rsyslogd -n -iNONE

Script started at: Sun Mar 23 19:00:04 CAT 2025
====hostname====
DESKTOP-6QEJ87A

====Operating System===
GNU/Linux

===Display Uptime===
 19:00:04 up  4:45,  1 user,  load average: 0.00, 0.00, 0.00

===Memory usage===
               total        used        free      shared  buff/cache   available
Mem:           3.8Gi       523Mi       3.3Gi       3.2Mi       138Mi       3.3Gi
Swap:          1.0Gi          0B       1.0Gi

===Disk usage===
Filesystem      Size  Used Avail Use% Mounted on
/dev/sdc       1007G  1.6G  955G   1% /

===Top 10 CPU processes===
    PID USER     %CPU %MEM COMMAND
   4508 root     20.0  0.0 /usr/sbin/CRON -f -P
      1 root      0.0  0.3 /sbin/init
     61 root      0.0  0.4 /usr/lib/systemd/systemd-journald
    167 message+  0.0  0.1 @dbus-daemon --system --address=systemd: --nofork --nopidfile --systemd-activation --syslog-only
    105 root      0.0  0.1 /usr/lib/systemd/systemd-udevd
    308 root      0.0  0.0 /init
    180 root      0.0  0.4 /usr/libexec/wsl-pro-service -vv
   3024 syslog    0.0  0.1 /usr/sbin/rsyslogd -n -iNONE
    120 systemd+  0.0  0.1 /usr/lib/systemd/systemd-timesyncd

